#! /usr/bin/vvp
:ivl_version "11.0 (stable)";
:ivl_delay_selection "TYPICAL";
:vpi_time_precision + 0;
:vpi_module "/usr/lib/x86_64-linux-gnu/ivl/system.vpi";
:vpi_module "/usr/lib/x86_64-linux-gnu/ivl/vhdl_sys.vpi";
:vpi_module "/usr/lib/x86_64-linux-gnu/ivl/vhdl_textio.vpi";
:vpi_module "/usr/lib/x86_64-linux-gnu/ivl/v2005_math.vpi";
:vpi_module "/usr/lib/x86_64-linux-gnu/ivl/va_math.vpi";
S_0x5587dbfdb6c0 .scope module, "control_unit_tb" "control_unit_tb" 2 1;
 .timescale 0 0;
P_0x5587dbf835d0 .param/l "State0" 0 2 28, C4<1001010000001000>;
P_0x5587dbf83610 .param/l "State1" 0 2 29, C4<0000000000011000>;
P_0x5587dbf83650 .param/l "State2" 0 2 30, C4<0000000000010100>;
P_0x5587dbf83690 .param/l "State3" 0 2 31, C4<0011000000000000>;
P_0x5587dbf836d0 .param/l "State4" 0 2 32, C4<0000001000000010>;
P_0x5587dbf83710 .param/l "State5" 0 2 33, C4<0010100000000000>;
P_0x5587dbf83750 .param/l "State6" 0 2 34, C4<0000000001000100>;
P_0x5587dbf83790 .param/l "State7" 0 2 35, C4<0000000000000011>;
P_0x5587dbf837d0 .param/l "State8" 0 2 36, C4<0100000010100100>;
P_0x5587dbf83810 .param/l "State9" 0 2 37, C4<1000000100000000>;
v0x5587dbf87360_0 .net "ALUOp0", 0 0, L_0x5587dc03ae90;  1 drivers
v0x5587dc018ec0_0 .net "ALUOp1", 0 0, L_0x5587dc03add0;  1 drivers
v0x5587dc018fd0_0 .net "ALUSrcA", 0 0, L_0x5587dc03b340;  1 drivers
v0x5587dc0190c0_0 .net "ALUSrcB0", 0 0, L_0x5587dc03b140;  1 drivers
v0x5587dc0191b0_0 .net "ALUSrcB1", 0 0, L_0x5587dc03b080;  1 drivers
v0x5587dc0192f0_0 .net "IRWrite", 0 0, L_0x5587dc03a940;  1 drivers
v0x5587dc0193e0_0 .net "IorD", 0 0, L_0x5587dc03a510;  1 drivers
v0x5587dc0194d0_0 .net "MemRead", 0 0, L_0x5587dc03a710;  1 drivers
v0x5587dc0195c0_0 .net "MemWrite", 0 0, L_0x5587dc03a780;  1 drivers
v0x5587dc019660_0 .net "MemtoReg", 0 0, L_0x5587dc03a9b0;  1 drivers
v0x5587dc019750_0 .net "PCSource0", 0 0, L_0x5587dc03abf0;  1 drivers
v0x5587dc019840_0 .net "PCSource1", 0 0, L_0x5587dc03ab80;  1 drivers
v0x5587dc019930_0 .net "PCWrite", 0 0, L_0x5587dc03a2d0;  1 drivers
v0x5587dc019a20_0 .net "PCWriteCond", 0 0, L_0x5587dc039dc0;  1 drivers
v0x5587dc019b10_0 .net "RegDst", 0 0, L_0x5587dc03b610;  1 drivers
v0x5587dc019c00_0 .net "RegWrite", 0 0, L_0x5587dc03b3b0;  1 drivers
v0x5587dc019cf0_0 .var *"_ivl_0", 0 0; Local signal
v0x5587dc019d90_0 .var "clk", 0 0;
v0x5587dc019e30_0 .var/i "errors", 31 0;
v0x5587dc019ef0_0 .var "op", 5 0;
S_0x5587dbf6b0a0 .scope task, "Check" "Check" 2 47, 2 47 0, S_0x5587dbfdb6c0;
 .timescale 0 0;
v0x5587dbf87510_0 .var "expect", 31 0;
TD_control_unit_tb.Check ;
    %vpi_call 2 51 "$display", "Got %b, expected %b", &PV<v0x5587dbf87510_0, 16, 16>, &PV<v0x5587dbf87510_0, 0, 16> {0 0 0};
    %load/vec4 v0x5587dc019e30_0;
    %addi 1, 0, 32;
    %store/vec4 v0x5587dc019e30_0, 0, 32;
    %end;
S_0x5587dc004d20 .scope module, "UUT" "control_unit" 2 21, 3 3 0, S_0x5587dbfdb6c0;
 .timescale 0 0;
    .port_info 0 /INPUT 6 "op";
    .port_info 1 /INPUT 1 "clk";
    .port_info 2 /OUTPUT 1 "PCWrite";
    .port_info 3 /OUTPUT 1 "PCWriteCond";
    .port_info 4 /OUTPUT 1 "IorD";
    .port_info 5 /OUTPUT 1 "MemRead";
    .port_info 6 /OUTPUT 1 "MemWrite";
    .port_info 7 /OUTPUT 1 "IRWrite";
    .port_info 8 /OUTPUT 1 "MemtoReg";
    .port_info 9 /OUTPUT 1 "PCSource1";
    .port_info 10 /OUTPUT 1 "PCSource0";
    .port_info 11 /OUTPUT 1 "ALUOp1";
    .port_info 12 /OUTPUT 1 "ALUOp0";
    .port_info 13 /OUTPUT 1 "ALUSrcB1";
    .port_info 14 /OUTPUT 1 "ALUSrcB0";
    .port_info 15 /OUTPUT 1 "ALUSrcA";
    .port_info 16 /OUTPUT 1 "RegWrite";
    .port_info 17 /OUTPUT 1 "RegDst";
P_0x5587dc004f20 .param/l "STATE0" 0 3 20, C4<0000>;
P_0x5587dc004f60 .param/l "STATE1" 0 3 21, C4<0001>;
P_0x5587dc004fa0 .param/l "STATE2" 0 3 22, C4<0010>;
P_0x5587dc004fe0 .param/l "STATE3" 0 3 23, C4<0011>;
P_0x5587dc005020 .param/l "STATE4" 0 3 24, C4<0100>;
P_0x5587dc005060 .param/l "STATE5" 0 3 25, C4<0101>;
P_0x5587dc0050a0 .param/l "STATE6" 0 3 26, C4<0110>;
P_0x5587dc0050e0 .param/l "STATE7" 0 3 27, C4<0111>;
P_0x5587dc005120 .param/l "STATE8" 0 3 28, C4<1000>;
P_0x5587dc005160 .param/l "STATE9" 0 3 29, C4<1001>;
v0x5587dc017e40_0 .net "ALUOp0", 0 0, L_0x5587dc03ae90;  alias, 1 drivers
v0x5587dc017f00_0 .net "ALUOp1", 0 0, L_0x5587dc03add0;  alias, 1 drivers
v0x5587dc017fa0_0 .net "ALUSrcA", 0 0, L_0x5587dc03b340;  alias, 1 drivers
v0x5587dc018040_0 .net "ALUSrcB0", 0 0, L_0x5587dc03b140;  alias, 1 drivers
v0x5587dc018110_0 .net "ALUSrcB1", 0 0, L_0x5587dc03b080;  alias, 1 drivers
v0x5587dc0181b0_0 .net "IRWrite", 0 0, L_0x5587dc03a940;  alias, 1 drivers
v0x5587dc018280_0 .net "IorD", 0 0, L_0x5587dc03a510;  alias, 1 drivers
v0x5587dc018350_0 .net "MemRead", 0 0, L_0x5587dc03a710;  alias, 1 drivers
v0x5587dc018420_0 .net "MemWrite", 0 0, L_0x5587dc03a780;  alias, 1 drivers
v0x5587dc0184f0_0 .net "MemtoReg", 0 0, L_0x5587dc03a9b0;  alias, 1 drivers
v0x5587dc0185c0_0 .net "NextState", 3 0, L_0x5587dc034c90;  1 drivers
v0x5587dc018690_0 .net "PCSource0", 0 0, L_0x5587dc03abf0;  alias, 1 drivers
v0x5587dc018760_0 .net "PCSource1", 0 0, L_0x5587dc03ab80;  alias, 1 drivers
v0x5587dc018830_0 .net "PCWrite", 0 0, L_0x5587dc03a2d0;  alias, 1 drivers
v0x5587dc018900_0 .net "PCWriteCond", 0 0, L_0x5587dc039dc0;  alias, 1 drivers
v0x5587dc0189d0_0 .net "RegDst", 0 0, L_0x5587dc03b610;  alias, 1 drivers
v0x5587dc018aa0_0 .net "RegWrite", 0 0, L_0x5587dc03b3b0;  alias, 1 drivers
v0x5587dc018b70_0 .var "StateRegister", 3 0;
v0x5587dc018c10_0 .net "clk", 0 0, v0x5587dc019d90_0;  1 drivers
v0x5587dc018cb0_0 .net "op", 5 0, v0x5587dc019ef0_0;  1 drivers
E_0x5587dbf7d230 .event posedge, v0x5587dc018c10_0;
S_0x5587dc0057f0 .scope module, "next_state0" "next_state" 3 36, 4 1 0, S_0x5587dc004d20;
 .timescale 0 0;
    .port_info 0 /INPUT 6 "op";
    .port_info 1 /INPUT 4 "state";
    .port_info 2 /OUTPUT 4 "ns";
L_0x5587dc01a000/0/0 .functor AND 1, L_0x5587dc01a0d0, L_0x5587dc01a260, L_0x5587dc01a320, L_0x5587dc01a410;
L_0x5587dc01a000/0/4 .functor AND 1, L_0x5587dc01a500, L_0x5587dc01a5f0, L_0x5587dc01a8d0, L_0x5587dc01aad0;
L_0x5587dc01a000/0/8 .functor AND 1, L_0x5587dc01ac30, L_0x5587dc01ad40, C4<1>, C4<1>;
L_0x5587dc01a000 .functor AND 1, L_0x5587dc01a000/0/0, L_0x5587dc01a000/0/4, L_0x5587dc01a000/0/8, C4<1>;
L_0x5587dc01a260 .functor NOT 1, L_0x5587dc01a1c0, C4<0>, C4<0>, C4<0>;
L_0x5587dc01a8d0 .functor NOT 1, L_0x5587dc01a830, C4<0>, C4<0>, C4<0>;
L_0x5587dc01aad0 .functor NOT 1, L_0x5587dc01a9e0, C4<0>, C4<0>, C4<0>;
L_0x5587dc01ac30 .functor NOT 1, L_0x5587dc01ab90, C4<0>, C4<0>, C4<0>;
L_0x5587dc01ae90/0/0 .functor AND 1, L_0x5587dc01afa0, L_0x5587dc01b150, L_0x5587dc01b300, L_0x5587dc01b0e0;
L_0x5587dc01ae90/0/4 .functor AND 1, L_0x5587dc01b620, L_0x5587dc01b710, L_0x5587dc01b930, L_0x5587dc01bcf0;
L_0x5587dc01ae90/0/8 .functor AND 1, L_0x5587dc01be50, L_0x5587dc01bfd0, C4<1>, C4<1>;
L_0x5587dc01ae90 .functor AND 1, L_0x5587dc01ae90/0/0, L_0x5587dc01ae90/0/4, L_0x5587dc01ae90/0/8, C4<1>;
L_0x5587dc01b150 .functor NOT 1, L_0x5587dc01b040, C4<0>, C4<0>, C4<0>;
L_0x5587dc01b300 .functor NOT 1, L_0x5587dc01b260, C4<0>, C4<0>, C4<0>;
L_0x5587dc01b0e0 .functor NOT 1, L_0x5587dc01b460, C4<0>, C4<0>, C4<0>;
L_0x5587dc01b930 .functor NOT 1, L_0x5587dc01b890, C4<0>, C4<0>, C4<0>;
L_0x5587dc01bcf0 .functor NOT 1, L_0x5587dc01baa0, C4<0>, C4<0>, C4<0>;
L_0x5587dc01be50 .functor NOT 1, L_0x5587dc01bdb0, C4<0>, C4<0>, C4<0>;
L_0x5587dc01c170 .functor OR 1, L_0x5587dc01a000, L_0x5587dc01ae90, C4<0>, C4<0>;
L_0x5587dc01c280/0/0 .functor AND 1, L_0x5587dc01bc50, L_0x5587dc01c3c0, L_0x5587dc01bf60, L_0x5587dc01c820;
L_0x5587dc01c280/0/4 .functor AND 1, L_0x5587dc01c9c0, L_0x5587dc01cab0, L_0x5587dc01cd20, L_0x5587dc01cfc0;
L_0x5587dc01c280/0/8 .functor AND 1, L_0x5587dc01d210, L_0x5587dc01d320, C4<1>, C4<1>;
L_0x5587dc01c280 .functor AND 1, L_0x5587dc01c280/0/0, L_0x5587dc01c280/0/4, L_0x5587dc01c280/0/8, C4<1>;
L_0x5587dc01bf60 .functor NOT 1, L_0x5587dc01c570, C4<0>, C4<0>, C4<0>;
L_0x5587dc01c820 .functor NOT 1, L_0x5587dc01c6b0, C4<0>, C4<0>, C4<0>;
L_0x5587dc01cd20 .functor NOT 1, L_0x5587dc01cc80, C4<0>, C4<0>, C4<0>;
L_0x5587dc01cfc0 .functor NOT 1, L_0x5587dc01ce30, C4<0>, C4<0>, C4<0>;
L_0x5587dc01d210 .functor NOT 1, L_0x5587dc01d170, C4<0>, C4<0>, C4<0>;
L_0x5587dc01d510/0/0 .functor AND 1, L_0x5587dc01d0d0, L_0x5587dc01d830, L_0x5587dc01d9e0, L_0x5587dc01dd70;
L_0x5587dc01d510/0/4 .functor AND 1, L_0x5587dc01de80, L_0x5587dc01df70, L_0x5587dc01dcf0, L_0x5587dc01e6f0;
L_0x5587dc01d510/0/8 .functor AND 1, L_0x5587dc01e800, L_0x5587dc01eae0, C4<1>, C4<1>;
L_0x5587dc01d510 .functor AND 1, L_0x5587dc01d510/0/0, L_0x5587dc01d510/0/4, L_0x5587dc01d510/0/8, C4<1>;
L_0x5587dc01d830 .functor NOT 1, L_0x5587dc01d680, C4<0>, C4<0>, C4<0>;
L_0x5587dc01d9e0 .functor NOT 1, L_0x5587dc01d940, C4<0>, C4<0>, C4<0>;
L_0x5587dc01dd70 .functor NOT 1, L_0x5587dc01dbb0, C4<0>, C4<0>, C4<0>;
L_0x5587dc01dcf0 .functor NOT 1, L_0x5587dc01dc50, C4<0>, C4<0>, C4<0>;
L_0x5587dc01e6f0 .functor NOT 1, L_0x5587dc01e300, C4<0>, C4<0>, C4<0>;
L_0x5587dc01eae0 .functor NOT 1, L_0x5587dc01e8f0, C4<0>, C4<0>, C4<0>;
L_0x5587dc01ecd0 .functor AND 1, L_0x5587dc01ede0, L_0x5587dc01f1e0, L_0x5587dc01f2f0, L_0x5587dc01f3e0;
L_0x5587dc01ede0 .functor NOT 1, L_0x5587dc01ed40, C4<0>, C4<0>, C4<0>;
L_0x5587dc01f1e0 .functor NOT 1, L_0x5587dc01efe0, C4<0>, C4<0>, C4<0>;
L_0x5587dc01f640 .functor AND 1, L_0x5587dc01f850, L_0x5587dc01f960, L_0x5587dc01fbd0, L_0x5587dc01fef0;
L_0x5587dc01f850 .functor NOT 1, L_0x5587dc01f7b0, C4<0>, C4<0>, C4<0>;
L_0x5587dc01fef0 .functor NOT 1, L_0x5587dc01fcc0, C4<0>, C4<0>, C4<0>;
L_0x5587dc020110 .functor OR 1, L_0x5587dc01c280, L_0x5587dc01d510, L_0x5587dc01ecd0, L_0x5587dc01f640;
L_0x5587dc0202c0/0/0 .functor AND 1, L_0x5587dc0204b0, L_0x5587dc0205a0, L_0x5587dc0208d0, L_0x5587dc020c30;
L_0x5587dc0202c0/0/4 .functor AND 1, L_0x5587dc020390, L_0x5587dc020e70, L_0x5587dc0215d0, L_0x5587dc021950;
L_0x5587dc0202c0/0/8 .functor AND 1, L_0x5587dc021c40, L_0x5587dc021d50, C4<1>, C4<1>;
L_0x5587dc0202c0 .functor AND 1, L_0x5587dc0202c0/0/0, L_0x5587dc0202c0/0/4, L_0x5587dc0202c0/0/8, C4<1>;
L_0x5587dc0208d0 .functor NOT 1, L_0x5587dc020830, C4<0>, C4<0>, C4<0>;
L_0x5587dc020c30 .functor NOT 1, L_0x5587dc0209e0, C4<0>, C4<0>, C4<0>;
L_0x5587dc0215d0 .functor NOT 1, L_0x5587dc021530, C4<0>, C4<0>, C4<0>;
L_0x5587dc021950 .functor NOT 1, L_0x5587dc0216e0, C4<0>, C4<0>, C4<0>;
L_0x5587dc021c40 .functor NOT 1, L_0x5587dc021ba0, C4<0>, C4<0>, C4<0>;
L_0x5587dc022020/0/0 .functor AND 1, L_0x5587dc0222e0, L_0x5587dc022680, L_0x5587dc022990, L_0x5587dc022d40;
L_0x5587dc022020/0/4 .functor AND 1, L_0x5587dc022fc0, L_0x5587dc0230b0, L_0x5587dc023450, L_0x5587dc023c30;
L_0x5587dc022020/0/8 .functor AND 1, L_0x5587dc023f60, L_0x5587dc024070, C4<1>, C4<1>;
L_0x5587dc022020 .functor AND 1, L_0x5587dc022020/0/0, L_0x5587dc022020/0/4, L_0x5587dc022020/0/8, C4<1>;
L_0x5587dc0222e0 .functor NOT 1, L_0x5587dc022240, C4<0>, C4<0>, C4<0>;
L_0x5587dc022680 .functor NOT 1, L_0x5587dc0223f0, C4<0>, C4<0>, C4<0>;
L_0x5587dc022990 .functor NOT 1, L_0x5587dc0228f0, C4<0>, C4<0>, C4<0>;
L_0x5587dc022d40 .functor NOT 1, L_0x5587dc022aa0, C4<0>, C4<0>, C4<0>;
L_0x5587dc023450 .functor NOT 1, L_0x5587dc0233b0, C4<0>, C4<0>, C4<0>;
L_0x5587dc023c30 .functor NOT 1, L_0x5587dc023560, C4<0>, C4<0>, C4<0>;
L_0x5587dc023f60 .functor NOT 1, L_0x5587dc023ec0, C4<0>, C4<0>, C4<0>;
L_0x5587dc024390/0/0 .functor AND 1, L_0x5587dc0245f0, L_0x5587dc0249c0, L_0x5587dc024b70, L_0x5587dc025110;
L_0x5587dc024390/0/4 .functor AND 1, L_0x5587dc025220, L_0x5587dc025310, L_0x5587dc025700, L_0x5587dc025cd0;
L_0x5587dc024390/0/8 .functor AND 1, L_0x5587dc025e80, L_0x5587dc026150, C4<1>, C4<1>;
L_0x5587dc024390 .functor AND 1, L_0x5587dc024390/0/0, L_0x5587dc024390/0/4, L_0x5587dc024390/0/8, C4<1>;
L_0x5587dc0249c0 .functor NOT 1, L_0x5587dc0246e0, C4<0>, C4<0>, C4<0>;
L_0x5587dc024b70 .functor NOT 1, L_0x5587dc024ad0, C4<0>, C4<0>, C4<0>;
L_0x5587dc025110 .functor NOT 1, L_0x5587dc024e20, C4<0>, C4<0>, C4<0>;
L_0x5587dc025700 .functor NOT 1, L_0x5587dc025660, C4<0>, C4<0>, C4<0>;
L_0x5587dc025cd0 .functor NOT 1, L_0x5587dc0259c0, C4<0>, C4<0>, C4<0>;
L_0x5587dc025e80 .functor NOT 1, L_0x5587dc025de0, C4<0>, C4<0>, C4<0>;
L_0x5587dc0264c0/0/0 .functor AND 1, L_0x5587dc0266c0, L_0x5587dc026cd0, L_0x5587dc026e80, L_0x5587dc0274b0;
L_0x5587dc0264c0/0/4 .functor AND 1, L_0x5587dc0275c0, L_0x5587dc0276b0, L_0x5587dc027af0, L_0x5587dc028150;
L_0x5587dc0264c0/0/8 .functor AND 1, L_0x5587dc028260, L_0x5587dc0286c0, C4<1>, C4<1>;
L_0x5587dc0264c0 .functor AND 1, L_0x5587dc0264c0/0/0, L_0x5587dc0264c0/0/4, L_0x5587dc0264c0/0/8, C4<1>;
L_0x5587dc0266c0 .functor NOT 1, L_0x5587dc0265f0, C4<0>, C4<0>, C4<0>;
L_0x5587dc026cd0 .functor NOT 1, L_0x5587dc0269a0, C4<0>, C4<0>, C4<0>;
L_0x5587dc026e80 .functor NOT 1, L_0x5587dc026de0, C4<0>, C4<0>, C4<0>;
L_0x5587dc0274b0 .functor NOT 1, L_0x5587dc027170, C4<0>, C4<0>, C4<0>;
L_0x5587dc027af0 .functor NOT 1, L_0x5587dc027a50, C4<0>, C4<0>, C4<0>;
L_0x5587dc028150 .functor NOT 1, L_0x5587dc027df0, C4<0>, C4<0>, C4<0>;
L_0x5587dc0286c0 .functor NOT 1, L_0x5587dc028350, C4<0>, C4<0>, C4<0>;
L_0x5587dc0289d0 .functor AND 1, L_0x5587dc028ae0, L_0x5587dc028e00, L_0x5587dc0291d0, L_0x5587dc029650;
L_0x5587dc028ae0 .functor NOT 1, L_0x5587dc028a40, C4<0>, C4<0>, C4<0>;
L_0x5587dc029650 .functor NOT 1, L_0x5587dc0292c0, C4<0>, C4<0>, C4<0>;
L_0x5587dc029760/0/0 .functor OR 1, L_0x5587dc0202c0, L_0x5587dc022020, L_0x5587dc024390, L_0x5587dc0264c0;
L_0x5587dc029760/0/4 .functor OR 1, L_0x5587dc0289d0, C4<0>, C4<0>, C4<0>;
L_0x5587dc029760 .functor OR 1, L_0x5587dc029760/0/0, L_0x5587dc029760/0/4, C4<0>, C4<0>;
L_0x5587dc029b80 .functor AND 1, L_0x5587dc029c90, L_0x5587dc02a370, L_0x5587dc02a520, L_0x5587dc02ac20;
L_0x5587dc029c90 .functor NOT 1, L_0x5587dc029bf0, C4<0>, C4<0>, C4<0>;
L_0x5587dc02a370 .functor NOT 1, L_0x5587dc029fd0, C4<0>, C4<0>, C4<0>;
L_0x5587dc02a520 .functor NOT 1, L_0x5587dc02a480, C4<0>, C4<0>, C4<0>;
L_0x5587dc02ac20 .functor NOT 1, L_0x5587dc02a870, C4<0>, C4<0>, C4<0>;
L_0x5587dc02ad30/0/0 .functor AND 1, L_0x5587dc02b120, L_0x5587dc02b5f0, L_0x5587dc02ba00, L_0x5587dc02bee0;
L_0x5587dc02ad30/0/4 .functor AND 1, L_0x5587dc02c260, L_0x5587dc02c350, L_0x5587dc02c820, L_0x5587dc02cd20;
L_0x5587dc02ad30/0/8 .functor AND 1, L_0x5587dc02d0b0, L_0x5587dc02d5a0, C4<1>, C4<1>;
L_0x5587dc02ad30 .functor AND 1, L_0x5587dc02ad30/0/0, L_0x5587dc02ad30/0/4, L_0x5587dc02ad30/0/8, C4<1>;
L_0x5587dc02b120 .functor NOT 1, L_0x5587dc02b050, C4<0>, C4<0>, C4<0>;
L_0x5587dc02b5f0 .functor NOT 1, L_0x5587dc02b230, C4<0>, C4<0>, C4<0>;
L_0x5587dc02ba00 .functor NOT 1, L_0x5587dc02b960, C4<0>, C4<0>, C4<0>;
L_0x5587dc02bee0 .functor NOT 1, L_0x5587dc02bb10, C4<0>, C4<0>, C4<0>;
L_0x5587dc02c820 .functor NOT 1, L_0x5587dc02c780, C4<0>, C4<0>, C4<0>;
L_0x5587dc02cd20 .functor NOT 1, L_0x5587dc02c930, C4<0>, C4<0>, C4<0>;
L_0x5587dc02d5a0 .functor NOT 1, L_0x5587dc02d1a0, C4<0>, C4<0>, C4<0>;
L_0x5587dc02d6b0/0/0 .functor AND 1, L_0x5587dc02da10, L_0x5587dc02df10, L_0x5587dc02e0c0, L_0x5587dc02e890;
L_0x5587dc02d6b0/0/4 .functor AND 1, L_0x5587dc02e9a0, L_0x5587dc02ea90, L_0x5587dc02efb0, L_0x5587dc02f7b0;
L_0x5587dc02d6b0/0/8 .functor AND 1, L_0x5587dc02f8c0, L_0x5587dc02fe00, C4<1>, C4<1>;
L_0x5587dc02d6b0 .functor AND 1, L_0x5587dc02d6b0/0/0, L_0x5587dc02d6b0/0/4, L_0x5587dc02d6b0/0/8, C4<1>;
L_0x5587dc02df10 .functor NOT 1, L_0x5587dc02db00, C4<0>, C4<0>, C4<0>;
L_0x5587dc02e0c0 .functor NOT 1, L_0x5587dc02e020, C4<0>, C4<0>, C4<0>;
L_0x5587dc02e890 .functor NOT 1, L_0x5587dc02e470, C4<0>, C4<0>, C4<0>;
L_0x5587dc02efb0 .functor NOT 1, L_0x5587dc02ef10, C4<0>, C4<0>, C4<0>;
L_0x5587dc02f7b0 .functor NOT 1, L_0x5587dc02f370, C4<0>, C4<0>, C4<0>;
L_0x5587dc02fe00 .functor NOT 1, L_0x5587dc02f9b0, C4<0>, C4<0>, C4<0>;
L_0x5587dc0301d0 .functor AND 1, L_0x5587dc0302e0, L_0x5587dc0306c0, L_0x5587dc030b70, L_0x5587dc0310d0;
L_0x5587dc0302e0 .functor NOT 1, L_0x5587dc030240, C4<0>, C4<0>, C4<0>;
L_0x5587dc0310d0 .functor NOT 1, L_0x5587dc030c60, C4<0>, C4<0>, C4<0>;
L_0x5587dc0311e0/0/0 .functor AND 1, L_0x5587dc031620, L_0x5587dc0323a0, L_0x5587dc0324b0, L_0x5587dc0325a0;
L_0x5587dc0311e0/0/4 .functor AND 1, L_0x5587dc032a80, L_0x5587dc032b70, L_0x5587dc033100, L_0x5587dc0341c0;
L_0x5587dc0311e0/0/8 .functor AND 1, L_0x5587dc034370, L_0x5587dc034780, C4<1>, C4<1>;
L_0x5587dc0311e0 .functor AND 1, L_0x5587dc0311e0/0/0, L_0x5587dc0311e0/0/4, L_0x5587dc0311e0/0/8, C4<1>;
L_0x5587dc0323a0 .functor NOT 1, L_0x5587dc031710, C4<0>, C4<0>, C4<0>;
L_0x5587dc033100 .functor NOT 1, L_0x5587dc033060, C4<0>, C4<0>, C4<0>;
L_0x5587dc0341c0 .functor NOT 1, L_0x5587dc033500, C4<0>, C4<0>, C4<0>;
L_0x5587dc034370 .functor NOT 1, L_0x5587dc0342d0, C4<0>, C4<0>, C4<0>;
L_0x5587dc034e70/0/0 .functor OR 1, L_0x5587dc029b80, L_0x5587dc02ad30, L_0x5587dc02d6b0, L_0x5587dc0301d0;
L_0x5587dc034e70/0/4 .functor OR 1, L_0x5587dc0311e0, C4<0>, C4<0>, C4<0>;
L_0x5587dc034e70 .functor OR 1, L_0x5587dc034e70/0/0, L_0x5587dc034e70/0/4, C4<0>, C4<0>;
v0x5587dbf871b0_0 .net *"_ivl_10", 0 0, L_0x5587dc01a410;  1 drivers
v0x5587dbf87060_0 .net *"_ivl_100", 0 0, L_0x5587dc01d680;  1 drivers
v0x5587dbf6d0e0_0 .net *"_ivl_101", 0 0, L_0x5587dc01d830;  1 drivers
v0x5587dbf7f750_0 .net *"_ivl_104", 0 0, L_0x5587dc01d940;  1 drivers
v0x5587dbf58fd0_0 .net *"_ivl_105", 0 0, L_0x5587dc01d9e0;  1 drivers
v0x5587dc005bf0_0 .net *"_ivl_108", 0 0, L_0x5587dc01dbb0;  1 drivers
v0x5587dc005cd0_0 .net *"_ivl_109", 0 0, L_0x5587dc01dd70;  1 drivers
v0x5587dc005db0_0 .net *"_ivl_112", 0 0, L_0x5587dc01de80;  1 drivers
v0x5587dc005e90_0 .net *"_ivl_114", 0 0, L_0x5587dc01df70;  1 drivers
v0x5587dc005f70_0 .net *"_ivl_116", 0 0, L_0x5587dc01dc50;  1 drivers
v0x5587dc006050_0 .net *"_ivl_117", 0 0, L_0x5587dc01dcf0;  1 drivers
v0x5587dc006130_0 .net *"_ivl_12", 0 0, L_0x5587dc01a500;  1 drivers
v0x5587dc006210_0 .net *"_ivl_120", 0 0, L_0x5587dc01e300;  1 drivers
v0x5587dc0062f0_0 .net *"_ivl_121", 0 0, L_0x5587dc01e6f0;  1 drivers
v0x5587dc0063d0_0 .net *"_ivl_124", 0 0, L_0x5587dc01e800;  1 drivers
v0x5587dc0064b0_0 .net *"_ivl_126", 0 0, L_0x5587dc01e8f0;  1 drivers
v0x5587dc006590_0 .net *"_ivl_127", 0 0, L_0x5587dc01eae0;  1 drivers
v0x5587dc006670_0 .net *"_ivl_131", 0 0, L_0x5587dc01ed40;  1 drivers
v0x5587dc006750_0 .net *"_ivl_132", 0 0, L_0x5587dc01ede0;  1 drivers
v0x5587dc006830_0 .net *"_ivl_135", 0 0, L_0x5587dc01efe0;  1 drivers
v0x5587dc006910_0 .net *"_ivl_136", 0 0, L_0x5587dc01f1e0;  1 drivers
v0x5587dc0069f0_0 .net *"_ivl_139", 0 0, L_0x5587dc01f2f0;  1 drivers
v0x5587dc006ad0_0 .net *"_ivl_14", 0 0, L_0x5587dc01a5f0;  1 drivers
v0x5587dc006bb0_0 .net *"_ivl_141", 0 0, L_0x5587dc01f3e0;  1 drivers
v0x5587dc006c90_0 .net *"_ivl_144", 0 0, L_0x5587dc01f7b0;  1 drivers
v0x5587dc006d70_0 .net *"_ivl_145", 0 0, L_0x5587dc01f850;  1 drivers
v0x5587dc006e50_0 .net *"_ivl_148", 0 0, L_0x5587dc01f960;  1 drivers
v0x5587dc006f30_0 .net *"_ivl_150", 0 0, L_0x5587dc01fbd0;  1 drivers
v0x5587dc007010_0 .net *"_ivl_152", 0 0, L_0x5587dc01fcc0;  1 drivers
v0x5587dc0070f0_0 .net *"_ivl_153", 0 0, L_0x5587dc01fef0;  1 drivers
v0x5587dc0071d0_0 .net *"_ivl_156", 0 0, L_0x5587dc020110;  1 drivers
v0x5587dc0072b0_0 .net *"_ivl_16", 0 0, L_0x5587dc01a830;  1 drivers
v0x5587dc007390_0 .net *"_ivl_160", 0 0, L_0x5587dc0204b0;  1 drivers
v0x5587dc007680_0 .net *"_ivl_162", 0 0, L_0x5587dc0205a0;  1 drivers
v0x5587dc007760_0 .net *"_ivl_164", 0 0, L_0x5587dc020830;  1 drivers
v0x5587dc007840_0 .net *"_ivl_165", 0 0, L_0x5587dc0208d0;  1 drivers
v0x5587dc007920_0 .net *"_ivl_168", 0 0, L_0x5587dc0209e0;  1 drivers
v0x5587dc007a00_0 .net *"_ivl_169", 0 0, L_0x5587dc020c30;  1 drivers
v0x5587dc007ae0_0 .net *"_ivl_17", 0 0, L_0x5587dc01a8d0;  1 drivers
v0x5587dc007bc0_0 .net *"_ivl_172", 0 0, L_0x5587dc020390;  1 drivers
v0x5587dc007ca0_0 .net *"_ivl_174", 0 0, L_0x5587dc020e70;  1 drivers
v0x5587dc007d80_0 .net *"_ivl_176", 0 0, L_0x5587dc021530;  1 drivers
v0x5587dc007e60_0 .net *"_ivl_177", 0 0, L_0x5587dc0215d0;  1 drivers
v0x5587dc007f40_0 .net *"_ivl_180", 0 0, L_0x5587dc0216e0;  1 drivers
v0x5587dc008020_0 .net *"_ivl_181", 0 0, L_0x5587dc021950;  1 drivers
v0x5587dc008100_0 .net *"_ivl_184", 0 0, L_0x5587dc021ba0;  1 drivers
v0x5587dc0081e0_0 .net *"_ivl_185", 0 0, L_0x5587dc021c40;  1 drivers
v0x5587dc0082c0_0 .net *"_ivl_188", 0 0, L_0x5587dc021d50;  1 drivers
v0x5587dc0083a0_0 .net *"_ivl_191", 0 0, L_0x5587dc022240;  1 drivers
v0x5587dc008480_0 .net *"_ivl_192", 0 0, L_0x5587dc0222e0;  1 drivers
v0x5587dc008560_0 .net *"_ivl_195", 0 0, L_0x5587dc0223f0;  1 drivers
v0x5587dc008640_0 .net *"_ivl_196", 0 0, L_0x5587dc022680;  1 drivers
v0x5587dc008720_0 .net *"_ivl_199", 0 0, L_0x5587dc0228f0;  1 drivers
v0x5587dc008800_0 .net *"_ivl_2", 0 0, L_0x5587dc01a0d0;  1 drivers
v0x5587dc0088e0_0 .net *"_ivl_20", 0 0, L_0x5587dc01a9e0;  1 drivers
v0x5587dc0089c0_0 .net *"_ivl_200", 0 0, L_0x5587dc022990;  1 drivers
v0x5587dc008aa0_0 .net *"_ivl_203", 0 0, L_0x5587dc022aa0;  1 drivers
v0x5587dc008b80_0 .net *"_ivl_204", 0 0, L_0x5587dc022d40;  1 drivers
v0x5587dc008c60_0 .net *"_ivl_207", 0 0, L_0x5587dc022fc0;  1 drivers
v0x5587dc008d40_0 .net *"_ivl_209", 0 0, L_0x5587dc0230b0;  1 drivers
v0x5587dc008e20_0 .net *"_ivl_21", 0 0, L_0x5587dc01aad0;  1 drivers
v0x5587dc008f00_0 .net *"_ivl_211", 0 0, L_0x5587dc0233b0;  1 drivers
v0x5587dc008fe0_0 .net *"_ivl_212", 0 0, L_0x5587dc023450;  1 drivers
v0x5587dc0090c0_0 .net *"_ivl_215", 0 0, L_0x5587dc023560;  1 drivers
v0x5587dc0091a0_0 .net *"_ivl_216", 0 0, L_0x5587dc023c30;  1 drivers
v0x5587dc009690_0 .net *"_ivl_219", 0 0, L_0x5587dc023ec0;  1 drivers
v0x5587dc009770_0 .net *"_ivl_220", 0 0, L_0x5587dc023f60;  1 drivers
v0x5587dc009850_0 .net *"_ivl_223", 0 0, L_0x5587dc024070;  1 drivers
v0x5587dc009930_0 .net *"_ivl_226", 0 0, L_0x5587dc0245f0;  1 drivers
v0x5587dc009a10_0 .net *"_ivl_228", 0 0, L_0x5587dc0246e0;  1 drivers
v0x5587dc009af0_0 .net *"_ivl_229", 0 0, L_0x5587dc0249c0;  1 drivers
v0x5587dc009bd0_0 .net *"_ivl_232", 0 0, L_0x5587dc024ad0;  1 drivers
v0x5587dc009cb0_0 .net *"_ivl_233", 0 0, L_0x5587dc024b70;  1 drivers
v0x5587dc009d90_0 .net *"_ivl_236", 0 0, L_0x5587dc024e20;  1 drivers
v0x5587dc009e70_0 .net *"_ivl_237", 0 0, L_0x5587dc025110;  1 drivers
v0x5587dc009f50_0 .net *"_ivl_24", 0 0, L_0x5587dc01ab90;  1 drivers
v0x5587dc00a030_0 .net *"_ivl_240", 0 0, L_0x5587dc025220;  1 drivers
v0x5587dc00a110_0 .net *"_ivl_242", 0 0, L_0x5587dc025310;  1 drivers
v0x5587dc00a1f0_0 .net *"_ivl_244", 0 0, L_0x5587dc025660;  1 drivers
v0x5587dc00a2d0_0 .net *"_ivl_245", 0 0, L_0x5587dc025700;  1 drivers
v0x5587dc00a3b0_0 .net *"_ivl_248", 0 0, L_0x5587dc0259c0;  1 drivers
v0x5587dc00a490_0 .net *"_ivl_249", 0 0, L_0x5587dc025cd0;  1 drivers
v0x5587dc00a570_0 .net *"_ivl_25", 0 0, L_0x5587dc01ac30;  1 drivers
v0x5587dc00a650_0 .net *"_ivl_252", 0 0, L_0x5587dc025de0;  1 drivers
v0x5587dc00a730_0 .net *"_ivl_253", 0 0, L_0x5587dc025e80;  1 drivers
v0x5587dc00a810_0 .net *"_ivl_256", 0 0, L_0x5587dc026150;  1 drivers
v0x5587dc00a8f0_0 .net *"_ivl_259", 0 0, L_0x5587dc0265f0;  1 drivers
v0x5587dc00a9d0_0 .net *"_ivl_260", 0 0, L_0x5587dc0266c0;  1 drivers
v0x5587dc00aab0_0 .net *"_ivl_263", 0 0, L_0x5587dc0269a0;  1 drivers
v0x5587dc00ab90_0 .net *"_ivl_264", 0 0, L_0x5587dc026cd0;  1 drivers
v0x5587dc00ac70_0 .net *"_ivl_267", 0 0, L_0x5587dc026de0;  1 drivers
v0x5587dc00ad50_0 .net *"_ivl_268", 0 0, L_0x5587dc026e80;  1 drivers
v0x5587dc00ae30_0 .net *"_ivl_271", 0 0, L_0x5587dc027170;  1 drivers
v0x5587dc00af10_0 .net *"_ivl_272", 0 0, L_0x5587dc0274b0;  1 drivers
v0x5587dc00aff0_0 .net *"_ivl_275", 0 0, L_0x5587dc0275c0;  1 drivers
v0x5587dc00b0d0_0 .net *"_ivl_277", 0 0, L_0x5587dc0276b0;  1 drivers
v0x5587dc00b1b0_0 .net *"_ivl_279", 0 0, L_0x5587dc027a50;  1 drivers
v0x5587dc00b290_0 .net *"_ivl_28", 0 0, L_0x5587dc01ad40;  1 drivers
v0x5587dc00b370_0 .net *"_ivl_280", 0 0, L_0x5587dc027af0;  1 drivers
v0x5587dc00b450_0 .net *"_ivl_283", 0 0, L_0x5587dc027df0;  1 drivers
v0x5587dc00b530_0 .net *"_ivl_284", 0 0, L_0x5587dc028150;  1 drivers
v0x5587dc00b610_0 .net *"_ivl_287", 0 0, L_0x5587dc028260;  1 drivers
v0x5587dc00b6f0_0 .net *"_ivl_289", 0 0, L_0x5587dc028350;  1 drivers
v0x5587dc00b7d0_0 .net *"_ivl_290", 0 0, L_0x5587dc0286c0;  1 drivers
v0x5587dc00b8b0_0 .net *"_ivl_294", 0 0, L_0x5587dc028a40;  1 drivers
v0x5587dc00b990_0 .net *"_ivl_295", 0 0, L_0x5587dc028ae0;  1 drivers
v0x5587dc00ba70_0 .net *"_ivl_298", 0 0, L_0x5587dc028e00;  1 drivers
v0x5587dc00bb50_0 .net *"_ivl_300", 0 0, L_0x5587dc0291d0;  1 drivers
v0x5587dc00bc30_0 .net *"_ivl_302", 0 0, L_0x5587dc0292c0;  1 drivers
v0x5587dc00bd10_0 .net *"_ivl_303", 0 0, L_0x5587dc029650;  1 drivers
v0x5587dc00bdf0_0 .net *"_ivl_306", 0 0, L_0x5587dc029760;  1 drivers
v0x5587dc00bed0_0 .net *"_ivl_31", 0 0, L_0x5587dc01afa0;  1 drivers
v0x5587dc00bfb0_0 .net *"_ivl_310", 0 0, L_0x5587dc029bf0;  1 drivers
v0x5587dc00c090_0 .net *"_ivl_311", 0 0, L_0x5587dc029c90;  1 drivers
v0x5587dc00c170_0 .net *"_ivl_314", 0 0, L_0x5587dc029fd0;  1 drivers
v0x5587dc00c250_0 .net *"_ivl_315", 0 0, L_0x5587dc02a370;  1 drivers
v0x5587dc00c330_0 .net *"_ivl_318", 0 0, L_0x5587dc02a480;  1 drivers
v0x5587dc00c410_0 .net *"_ivl_319", 0 0, L_0x5587dc02a520;  1 drivers
v0x5587dc00c4f0_0 .net *"_ivl_322", 0 0, L_0x5587dc02a870;  1 drivers
v0x5587dc00c5d0_0 .net *"_ivl_323", 0 0, L_0x5587dc02ac20;  1 drivers
v0x5587dc00c6b0_0 .net *"_ivl_327", 0 0, L_0x5587dc02b050;  1 drivers
v0x5587dc00c790_0 .net *"_ivl_328", 0 0, L_0x5587dc02b120;  1 drivers
v0x5587dc00c870_0 .net *"_ivl_33", 0 0, L_0x5587dc01b040;  1 drivers
v0x5587dc00c950_0 .net *"_ivl_331", 0 0, L_0x5587dc02b230;  1 drivers
v0x5587dc00ca30_0 .net *"_ivl_332", 0 0, L_0x5587dc02b5f0;  1 drivers
v0x5587dc00cb10_0 .net *"_ivl_335", 0 0, L_0x5587dc02b960;  1 drivers
v0x5587dc00cbf0_0 .net *"_ivl_336", 0 0, L_0x5587dc02ba00;  1 drivers
v0x5587dc00ccd0_0 .net *"_ivl_339", 0 0, L_0x5587dc02bb10;  1 drivers
v0x5587dc00cdb0_0 .net *"_ivl_34", 0 0, L_0x5587dc01b150;  1 drivers
v0x5587dc00d6a0_0 .net *"_ivl_340", 0 0, L_0x5587dc02bee0;  1 drivers
v0x5587dc00d780_0 .net *"_ivl_343", 0 0, L_0x5587dc02c260;  1 drivers
v0x5587dc00d860_0 .net *"_ivl_345", 0 0, L_0x5587dc02c350;  1 drivers
v0x5587dc00d940_0 .net *"_ivl_347", 0 0, L_0x5587dc02c780;  1 drivers
v0x5587dc00da20_0 .net *"_ivl_348", 0 0, L_0x5587dc02c820;  1 drivers
v0x5587dc00db00_0 .net *"_ivl_351", 0 0, L_0x5587dc02c930;  1 drivers
v0x5587dc00dbe0_0 .net *"_ivl_352", 0 0, L_0x5587dc02cd20;  1 drivers
v0x5587dc00dcc0_0 .net *"_ivl_355", 0 0, L_0x5587dc02d0b0;  1 drivers
v0x5587dc00dda0_0 .net *"_ivl_357", 0 0, L_0x5587dc02d1a0;  1 drivers
v0x5587dc00de80_0 .net *"_ivl_358", 0 0, L_0x5587dc02d5a0;  1 drivers
v0x5587dc00df60_0 .net *"_ivl_362", 0 0, L_0x5587dc02da10;  1 drivers
v0x5587dc00e040_0 .net *"_ivl_364", 0 0, L_0x5587dc02db00;  1 drivers
v0x5587dc00e120_0 .net *"_ivl_365", 0 0, L_0x5587dc02df10;  1 drivers
v0x5587dc00e200_0 .net *"_ivl_368", 0 0, L_0x5587dc02e020;  1 drivers
v0x5587dc00e2e0_0 .net *"_ivl_369", 0 0, L_0x5587dc02e0c0;  1 drivers
v0x5587dc00e3c0_0 .net *"_ivl_37", 0 0, L_0x5587dc01b260;  1 drivers
v0x5587dc00e4a0_0 .net *"_ivl_372", 0 0, L_0x5587dc02e470;  1 drivers
v0x5587dc00e580_0 .net *"_ivl_373", 0 0, L_0x5587dc02e890;  1 drivers
v0x5587dc00e660_0 .net *"_ivl_376", 0 0, L_0x5587dc02e9a0;  1 drivers
v0x5587dc00e740_0 .net *"_ivl_378", 0 0, L_0x5587dc02ea90;  1 drivers
v0x5587dc00e820_0 .net *"_ivl_38", 0 0, L_0x5587dc01b300;  1 drivers
v0x5587dc00e900_0 .net *"_ivl_380", 0 0, L_0x5587dc02ef10;  1 drivers
v0x5587dc00e9e0_0 .net *"_ivl_381", 0 0, L_0x5587dc02efb0;  1 drivers
v0x5587dc00eac0_0 .net *"_ivl_384", 0 0, L_0x5587dc02f370;  1 drivers
v0x5587dc00eba0_0 .net *"_ivl_385", 0 0, L_0x5587dc02f7b0;  1 drivers
v0x5587dc00ec80_0 .net *"_ivl_388", 0 0, L_0x5587dc02f8c0;  1 drivers
v0x5587dc00ed60_0 .net *"_ivl_390", 0 0, L_0x5587dc02f9b0;  1 drivers
v0x5587dc00ee40_0 .net *"_ivl_391", 0 0, L_0x5587dc02fe00;  1 drivers
v0x5587dc00ef20_0 .net *"_ivl_395", 0 0, L_0x5587dc030240;  1 drivers
v0x5587dc00f000_0 .net *"_ivl_396", 0 0, L_0x5587dc0302e0;  1 drivers
v0x5587dc00f0e0_0 .net *"_ivl_399", 0 0, L_0x5587dc0306c0;  1 drivers
v0x5587dc00f1c0_0 .net *"_ivl_4", 0 0, L_0x5587dc01a1c0;  1 drivers
v0x5587dc00f2a0_0 .net *"_ivl_401", 0 0, L_0x5587dc030b70;  1 drivers
v0x5587dc00f380_0 .net *"_ivl_403", 0 0, L_0x5587dc030c60;  1 drivers
v0x5587dc00f460_0 .net *"_ivl_404", 0 0, L_0x5587dc0310d0;  1 drivers
v0x5587dc00f540_0 .net *"_ivl_408", 0 0, L_0x5587dc031620;  1 drivers
v0x5587dc00f620_0 .net *"_ivl_41", 0 0, L_0x5587dc01b460;  1 drivers
v0x5587dc00f700_0 .net *"_ivl_410", 0 0, L_0x5587dc031710;  1 drivers
v0x5587dc00f7e0_0 .net *"_ivl_411", 0 0, L_0x5587dc0323a0;  1 drivers
v0x5587dc00f8c0_0 .net *"_ivl_414", 0 0, L_0x5587dc0324b0;  1 drivers
v0x5587dc00f9a0_0 .net *"_ivl_416", 0 0, L_0x5587dc0325a0;  1 drivers
v0x5587dc00fa80_0 .net *"_ivl_418", 0 0, L_0x5587dc032a80;  1 drivers
v0x5587dc00fb60_0 .net *"_ivl_42", 0 0, L_0x5587dc01b0e0;  1 drivers
v0x5587dc00fc40_0 .net *"_ivl_420", 0 0, L_0x5587dc032b70;  1 drivers
v0x5587dc00fd20_0 .net *"_ivl_422", 0 0, L_0x5587dc033060;  1 drivers
v0x5587dc00fe00_0 .net *"_ivl_423", 0 0, L_0x5587dc033100;  1 drivers
v0x5587dc00fee0_0 .net *"_ivl_426", 0 0, L_0x5587dc033500;  1 drivers
v0x5587dc00ffc0_0 .net *"_ivl_427", 0 0, L_0x5587dc0341c0;  1 drivers
v0x5587dc0100a0_0 .net *"_ivl_430", 0 0, L_0x5587dc0342d0;  1 drivers
v0x5587dc010180_0 .net *"_ivl_431", 0 0, L_0x5587dc034370;  1 drivers
v0x5587dc010260_0 .net *"_ivl_434", 0 0, L_0x5587dc034780;  1 drivers
v0x5587dc010340_0 .net *"_ivl_436", 0 0, L_0x5587dc034e70;  1 drivers
v0x5587dc010420_0 .net *"_ivl_45", 0 0, L_0x5587dc01b620;  1 drivers
v0x5587dc010500_0 .net *"_ivl_47", 0 0, L_0x5587dc01b710;  1 drivers
v0x5587dc0105e0_0 .net *"_ivl_49", 0 0, L_0x5587dc01b890;  1 drivers
v0x5587dc0106c0_0 .net *"_ivl_5", 0 0, L_0x5587dc01a260;  1 drivers
v0x5587dc0107a0_0 .net *"_ivl_50", 0 0, L_0x5587dc01b930;  1 drivers
v0x5587dc010880_0 .net *"_ivl_53", 0 0, L_0x5587dc01baa0;  1 drivers
v0x5587dc010960_0 .net *"_ivl_54", 0 0, L_0x5587dc01bcf0;  1 drivers
v0x5587dc010a40_0 .net *"_ivl_57", 0 0, L_0x5587dc01bdb0;  1 drivers
v0x5587dc010b20_0 .net *"_ivl_58", 0 0, L_0x5587dc01be50;  1 drivers
v0x5587dc010c00_0 .net *"_ivl_61", 0 0, L_0x5587dc01bfd0;  1 drivers
v0x5587dc010ce0_0 .net *"_ivl_63", 0 0, L_0x5587dc01c170;  1 drivers
v0x5587dc010dc0_0 .net *"_ivl_67", 0 0, L_0x5587dc01bc50;  1 drivers
v0x5587dc010ea0_0 .net *"_ivl_69", 0 0, L_0x5587dc01c3c0;  1 drivers
v0x5587dc010f80_0 .net *"_ivl_71", 0 0, L_0x5587dc01c570;  1 drivers
v0x5587dc011060_0 .net *"_ivl_72", 0 0, L_0x5587dc01bf60;  1 drivers
v0x5587dc011140_0 .net *"_ivl_75", 0 0, L_0x5587dc01c6b0;  1 drivers
v0x5587dc011220_0 .net *"_ivl_76", 0 0, L_0x5587dc01c820;  1 drivers
v0x5587dc011300_0 .net *"_ivl_79", 0 0, L_0x5587dc01c9c0;  1 drivers
v0x5587dc0113e0_0 .net *"_ivl_8", 0 0, L_0x5587dc01a320;  1 drivers
v0x5587dc0114c0_0 .net *"_ivl_81", 0 0, L_0x5587dc01cab0;  1 drivers
v0x5587dc0115a0_0 .net *"_ivl_83", 0 0, L_0x5587dc01cc80;  1 drivers
v0x5587dc011680_0 .net *"_ivl_84", 0 0, L_0x5587dc01cd20;  1 drivers
v0x5587dc011760_0 .net *"_ivl_87", 0 0, L_0x5587dc01ce30;  1 drivers
v0x5587dc011840_0 .net *"_ivl_88", 0 0, L_0x5587dc01cfc0;  1 drivers
v0x5587dc011920_0 .net *"_ivl_91", 0 0, L_0x5587dc01d170;  1 drivers
v0x5587dc011a00_0 .net *"_ivl_92", 0 0, L_0x5587dc01d210;  1 drivers
v0x5587dc011ae0_0 .net *"_ivl_95", 0 0, L_0x5587dc01d320;  1 drivers
v0x5587dc011bc0_0 .net *"_ivl_98", 0 0, L_0x5587dc01d0d0;  1 drivers
v0x5587dc011ca0_0 .net "ns", 3 0, L_0x5587dc034c90;  alias, 1 drivers
v0x5587dc011d80_0 .net "op", 5 0, v0x5587dc019ef0_0;  alias, 1 drivers
v0x5587dc011e60_0 .net "state", 3 0, v0x5587dc018b70_0;  1 drivers
v0x5587dc011f40_0 .net "wire0", 0 0, L_0x5587dc01a000;  1 drivers
v0x5587dc012000_0 .net "wire1", 0 0, L_0x5587dc01ae90;  1 drivers
v0x5587dc0120c0_0 .net "wire10", 0 0, L_0x5587dc0289d0;  1 drivers
v0x5587dc012180_0 .net "wire11", 0 0, L_0x5587dc029b80;  1 drivers
v0x5587dc012240_0 .net "wire12", 0 0, L_0x5587dc02ad30;  1 drivers
v0x5587dc012300_0 .net "wire13", 0 0, L_0x5587dc02d6b0;  1 drivers
v0x5587dc0123c0_0 .net "wire14", 0 0, L_0x5587dc0301d0;  1 drivers
v0x5587dc012480_0 .net "wire15", 0 0, L_0x5587dc0311e0;  1 drivers
v0x5587dc012540_0 .net "wire2", 0 0, L_0x5587dc01c280;  1 drivers
v0x5587dc012600_0 .net "wire3", 0 0, L_0x5587dc01d510;  1 drivers
v0x5587dc0126c0_0 .net "wire4", 0 0, L_0x5587dc01ecd0;  1 drivers
v0x5587dc012780_0 .net "wire5", 0 0, L_0x5587dc01f640;  1 drivers
v0x5587dc012840_0 .net "wire6", 0 0, L_0x5587dc0202c0;  1 drivers
v0x5587dc012900_0 .net "wire7", 0 0, L_0x5587dc022020;  1 drivers
v0x5587dc0129c0_0 .net "wire8", 0 0, L_0x5587dc024390;  1 drivers
v0x5587dc012a80_0 .net "wire9", 0 0, L_0x5587dc0264c0;  1 drivers
L_0x5587dc01a0d0 .part v0x5587dc019ef0_0, 5, 1;
L_0x5587dc01a1c0 .part v0x5587dc019ef0_0, 4, 1;
L_0x5587dc01a320 .part v0x5587dc019ef0_0, 3, 1;
L_0x5587dc01a410 .part v0x5587dc019ef0_0, 2, 1;
L_0x5587dc01a500 .part v0x5587dc019ef0_0, 1, 1;
L_0x5587dc01a5f0 .part v0x5587dc019ef0_0, 0, 1;
L_0x5587dc01a830 .part v0x5587dc018b70_0, 3, 1;
L_0x5587dc01a9e0 .part v0x5587dc018b70_0, 2, 1;
L_0x5587dc01ab90 .part v0x5587dc018b70_0, 1, 1;
L_0x5587dc01ad40 .part v0x5587dc018b70_0, 0, 1;
L_0x5587dc01afa0 .part v0x5587dc019ef0_0, 5, 1;
L_0x5587dc01b040 .part v0x5587dc019ef0_0, 4, 1;
L_0x5587dc01b260 .part v0x5587dc019ef0_0, 3, 1;
L_0x5587dc01b460 .part v0x5587dc019ef0_0, 2, 1;
L_0x5587dc01b620 .part v0x5587dc019ef0_0, 1, 1;
L_0x5587dc01b710 .part v0x5587dc019ef0_0, 0, 1;
L_0x5587dc01b890 .part v0x5587dc018b70_0, 3, 1;
L_0x5587dc01baa0 .part v0x5587dc018b70_0, 2, 1;
L_0x5587dc01bdb0 .part v0x5587dc018b70_0, 1, 1;
L_0x5587dc01bfd0 .part v0x5587dc018b70_0, 0, 1;
L_0x5587dc01bc50 .part v0x5587dc019ef0_0, 5, 1;
L_0x5587dc01c3c0 .part v0x5587dc019ef0_0, 4, 1;
L_0x5587dc01c570 .part v0x5587dc019ef0_0, 3, 1;
L_0x5587dc01c6b0 .part v0x5587dc019ef0_0, 2, 1;
L_0x5587dc01c9c0 .part v0x5587dc019ef0_0, 1, 1;
L_0x5587dc01cab0 .part v0x5587dc019ef0_0, 0, 1;
L_0x5587dc01cc80 .part v0x5587dc018b70_0, 3, 1;
L_0x5587dc01ce30 .part v0x5587dc018b70_0, 2, 1;
L_0x5587dc01d170 .part v0x5587dc018b70_0, 1, 1;
L_0x5587dc01d320 .part v0x5587dc018b70_0, 0, 1;
L_0x5587dc01d0d0 .part v0x5587dc019ef0_0, 5, 1;
L_0x5587dc01d680 .part v0x5587dc019ef0_0, 4, 1;
L_0x5587dc01d940 .part v0x5587dc019ef0_0, 3, 1;
L_0x5587dc01dbb0 .part v0x5587dc019ef0_0, 2, 1;
L_0x5587dc01de80 .part v0x5587dc019ef0_0, 1, 1;
L_0x5587dc01df70 .part v0x5587dc019ef0_0, 0, 1;
L_0x5587dc01dc50 .part v0x5587dc018b70_0, 3, 1;
L_0x5587dc01e300 .part v0x5587dc018b70_0, 2, 1;
L_0x5587dc01e800 .part v0x5587dc018b70_0, 1, 1;
L_0x5587dc01e8f0 .part v0x5587dc018b70_0, 0, 1;
L_0x5587dc01ed40 .part v0x5587dc018b70_0, 3, 1;
L_0x5587dc01efe0 .part v0x5587dc018b70_0, 2, 1;
L_0x5587dc01f2f0 .part v0x5587dc018b70_0, 1, 1;
L_0x5587dc01f3e0 .part v0x5587dc018b70_0, 0, 1;
L_0x5587dc01f7b0 .part v0x5587dc018b70_0, 3, 1;
L_0x5587dc01f960 .part v0x5587dc018b70_0, 2, 1;
L_0x5587dc01fbd0 .part v0x5587dc018b70_0, 1, 1;
L_0x5587dc01fcc0 .part v0x5587dc018b70_0, 0, 1;
L_0x5587dc0204b0 .part v0x5587dc019ef0_0, 5, 1;
L_0x5587dc0205a0 .part v0x5587dc019ef0_0, 4, 1;
L_0x5587dc020830 .part v0x5587dc019ef0_0, 3, 1;
L_0x5587dc0209e0 .part v0x5587dc019ef0_0, 2, 1;
L_0x5587dc020390 .part v0x5587dc019ef0_0, 1, 1;
L_0x5587dc020e70 .part v0x5587dc019ef0_0, 0, 1;
L_0x5587dc021530 .part v0x5587dc018b70_0, 3, 1;
L_0x5587dc0216e0 .part v0x5587dc018b70_0, 2, 1;
L_0x5587dc021ba0 .part v0x5587dc018b70_0, 1, 1;
L_0x5587dc021d50 .part v0x5587dc018b70_0, 0, 1;
L_0x5587dc022240 .part v0x5587dc019ef0_0, 5, 1;
L_0x5587dc0223f0 .part v0x5587dc019ef0_0, 4, 1;
L_0x5587dc0228f0 .part v0x5587dc019ef0_0, 3, 1;
L_0x5587dc022aa0 .part v0x5587dc019ef0_0, 2, 1;
L_0x5587dc022fc0 .part v0x5587dc019ef0_0, 1, 1;
L_0x5587dc0230b0 .part v0x5587dc019ef0_0, 0, 1;
L_0x5587dc0233b0 .part v0x5587dc018b70_0, 3, 1;
L_0x5587dc023560 .part v0x5587dc018b70_0, 2, 1;
L_0x5587dc023ec0 .part v0x5587dc018b70_0, 1, 1;
L_0x5587dc024070 .part v0x5587dc018b70_0, 0, 1;
L_0x5587dc0245f0 .part v0x5587dc019ef0_0, 5, 1;
L_0x5587dc0246e0 .part v0x5587dc019ef0_0, 4, 1;
L_0x5587dc024ad0 .part v0x5587dc019ef0_0, 3, 1;
L_0x5587dc024e20 .part v0x5587dc019ef0_0, 2, 1;
L_0x5587dc025220 .part v0x5587dc019ef0_0, 1, 1;
L_0x5587dc025310 .part v0x5587dc019ef0_0, 0, 1;
L_0x5587dc025660 .part v0x5587dc018b70_0, 3, 1;
L_0x5587dc0259c0 .part v0x5587dc018b70_0, 2, 1;
L_0x5587dc025de0 .part v0x5587dc018b70_0, 1, 1;
L_0x5587dc026150 .part v0x5587dc018b70_0, 0, 1;
L_0x5587dc0265f0 .part v0x5587dc019ef0_0, 5, 1;
L_0x5587dc0269a0 .part v0x5587dc019ef0_0, 4, 1;
L_0x5587dc026de0 .part v0x5587dc019ef0_0, 3, 1;
L_0x5587dc027170 .part v0x5587dc019ef0_0, 2, 1;
L_0x5587dc0275c0 .part v0x5587dc019ef0_0, 1, 1;
L_0x5587dc0276b0 .part v0x5587dc019ef0_0, 0, 1;
L_0x5587dc027a50 .part v0x5587dc018b70_0, 3, 1;
L_0x5587dc027df0 .part v0x5587dc018b70_0, 2, 1;
L_0x5587dc028260 .part v0x5587dc018b70_0, 1, 1;
L_0x5587dc028350 .part v0x5587dc018b70_0, 0, 1;
L_0x5587dc028a40 .part v0x5587dc018b70_0, 3, 1;
L_0x5587dc028e00 .part v0x5587dc018b70_0, 2, 1;
L_0x5587dc0291d0 .part v0x5587dc018b70_0, 1, 1;
L_0x5587dc0292c0 .part v0x5587dc018b70_0, 0, 1;
L_0x5587dc029bf0 .part v0x5587dc018b70_0, 3, 1;
L_0x5587dc029fd0 .part v0x5587dc018b70_0, 2, 1;
L_0x5587dc02a480 .part v0x5587dc018b70_0, 1, 1;
L_0x5587dc02a870 .part v0x5587dc018b70_0, 0, 1;
L_0x5587dc02b050 .part v0x5587dc019ef0_0, 5, 1;
L_0x5587dc02b230 .part v0x5587dc019ef0_0, 4, 1;
L_0x5587dc02b960 .part v0x5587dc019ef0_0, 3, 1;
L_0x5587dc02bb10 .part v0x5587dc019ef0_0, 2, 1;
L_0x5587dc02c260 .part v0x5587dc019ef0_0, 1, 1;
L_0x5587dc02c350 .part v0x5587dc019ef0_0, 0, 1;
L_0x5587dc02c780 .part v0x5587dc018b70_0, 3, 1;
L_0x5587dc02c930 .part v0x5587dc018b70_0, 2, 1;
L_0x5587dc02d0b0 .part v0x5587dc018b70_0, 1, 1;
L_0x5587dc02d1a0 .part v0x5587dc018b70_0, 0, 1;
L_0x5587dc02da10 .part v0x5587dc019ef0_0, 5, 1;
L_0x5587dc02db00 .part v0x5587dc019ef0_0, 4, 1;
L_0x5587dc02e020 .part v0x5587dc019ef0_0, 3, 1;
L_0x5587dc02e470 .part v0x5587dc019ef0_0, 2, 1;
L_0x5587dc02e9a0 .part v0x5587dc019ef0_0, 1, 1;
L_0x5587dc02ea90 .part v0x5587dc019ef0_0, 0, 1;
L_0x5587dc02ef10 .part v0x5587dc018b70_0, 3, 1;
L_0x5587dc02f370 .part v0x5587dc018b70_0, 2, 1;
L_0x5587dc02f8c0 .part v0x5587dc018b70_0, 1, 1;
L_0x5587dc02f9b0 .part v0x5587dc018b70_0, 0, 1;
L_0x5587dc030240 .part v0x5587dc018b70_0, 3, 1;
L_0x5587dc0306c0 .part v0x5587dc018b70_0, 2, 1;
L_0x5587dc030b70 .part v0x5587dc018b70_0, 1, 1;
L_0x5587dc030c60 .part v0x5587dc018b70_0, 0, 1;
L_0x5587dc031620 .part v0x5587dc019ef0_0, 5, 1;
L_0x5587dc031710 .part v0x5587dc019ef0_0, 4, 1;
L_0x5587dc0324b0 .part v0x5587dc019ef0_0, 3, 1;
L_0x5587dc0325a0 .part v0x5587dc019ef0_0, 2, 1;
L_0x5587dc032a80 .part v0x5587dc019ef0_0, 1, 1;
L_0x5587dc032b70 .part v0x5587dc019ef0_0, 0, 1;
L_0x5587dc033060 .part v0x5587dc018b70_0, 3, 1;
L_0x5587dc033500 .part v0x5587dc018b70_0, 2, 1;
L_0x5587dc0342d0 .part v0x5587dc018b70_0, 1, 1;
L_0x5587dc034780 .part v0x5587dc018b70_0, 0, 1;
L_0x5587dc034c90 .concat8 [ 1 1 1 1], L_0x5587dc034e70, L_0x5587dc029760, L_0x5587dc020110, L_0x5587dc01c170;
S_0x5587dc012bc0 .scope module, "outputs" "outputs" 3 39, 5 1 0, S_0x5587dc004d20;
 .timescale 0 0;
    .port_info 0 /INPUT 4 "StateRegister";
    .port_info 1 /OUTPUT 1 "PCWrite";
    .port_info 2 /OUTPUT 1 "PCWriteCond";
    .port_info 3 /OUTPUT 1 "IorD";
    .port_info 4 /OUTPUT 1 "MemRead";
    .port_info 5 /OUTPUT 1 "MemWrite";
    .port_info 6 /OUTPUT 1 "IRWrite";
    .port_info 7 /OUTPUT 1 "MemtoReg";
    .port_info 8 /OUTPUT 1 "PCSource1";
    .port_info 9 /OUTPUT 1 "PCSource0";
    .port_info 10 /OUTPUT 1 "ALUOp1";
    .port_info 11 /OUTPUT 1 "ALUOp0";
    .port_info 12 /OUTPUT 1 "ALUSrcB1";
    .port_info 13 /OUTPUT 1 "ALUSrcB0";
    .port_info 14 /OUTPUT 1 "ALUSrcA";
    .port_info 15 /OUTPUT 1 "RegWrite";
    .port_info 16 /OUTPUT 1 "RegDst";
L_0x5587dc0350c0 .functor AND 1, L_0x5587dc0351d0, L_0x5587dc035380, L_0x5587dc035530, L_0x5587dc0356e0;
L_0x5587dc0351d0 .functor NOT 1, L_0x5587dc035130, C4<0>, C4<0>, C4<0>;
L_0x5587dc035380 .functor NOT 1, L_0x5587dc0352e0, C4<0>, C4<0>, C4<0>;
L_0x5587dc035530 .functor NOT 1, L_0x5587dc035490, C4<0>, C4<0>, C4<0>;
L_0x5587dc0356e0 .functor NOT 1, L_0x5587dc035640, C4<0>, C4<0>, C4<0>;
L_0x5587dc0357f0 .functor AND 1, L_0x5587dc035900, L_0x5587dc035af0, L_0x5587dc035cf0, L_0x5587dc035e00;
L_0x5587dc035900 .functor NOT 1, L_0x5587dc035860, C4<0>, C4<0>, C4<0>;
L_0x5587dc035af0 .functor NOT 1, L_0x5587dc035a10, C4<0>, C4<0>, C4<0>;
L_0x5587dc035cf0 .functor NOT 1, L_0x5587dc035c50, C4<0>, C4<0>, C4<0>;
L_0x5587dc035f40 .functor AND 1, L_0x5587dc0360b0, L_0x5587dc036270, L_0x5587dc0363a0, L_0x5587dc0365a0;
L_0x5587dc0360b0 .functor NOT 1, L_0x5587dc036010, C4<0>, C4<0>, C4<0>;
L_0x5587dc036270 .functor NOT 1, L_0x5587dc036170, C4<0>, C4<0>, C4<0>;
L_0x5587dc0365a0 .functor NOT 1, L_0x5587dc036490, C4<0>, C4<0>, C4<0>;
L_0x5587dc0366b0 .functor AND 1, L_0x5587dc036330, L_0x5587dc036530, L_0x5587dc036b30, L_0x5587dc036c20;
L_0x5587dc036330 .functor NOT 1, L_0x5587dc0367a0, C4<0>, C4<0>, C4<0>;
L_0x5587dc036530 .functor NOT 1, L_0x5587dc0368e0, C4<0>, C4<0>, C4<0>;
L_0x5587dc036da0 .functor AND 1, L_0x5587dc036eb0, L_0x5587dc037060, L_0x5587dc037290, L_0x5587dc0374f0;
L_0x5587dc036eb0 .functor NOT 1, L_0x5587dc036e10, C4<0>, C4<0>, C4<0>;
L_0x5587dc037290 .functor NOT 1, L_0x5587dc0371f0, C4<0>, C4<0>, C4<0>;
L_0x5587dc0374f0 .functor NOT 1, L_0x5587dc0373a0, C4<0>, C4<0>, C4<0>;
L_0x5587dc0376b0 .functor AND 1, L_0x5587dc037720, L_0x5587dc037150, L_0x5587dc037aa0, L_0x5587dc037bb0;
L_0x5587dc037720 .functor NOT 1, L_0x5587dc036fc0, C4<0>, C4<0>, C4<0>;
L_0x5587dc037aa0 .functor NOT 1, L_0x5587dc037a00, C4<0>, C4<0>, C4<0>;
L_0x5587dc037d70 .functor AND 1, L_0x5587dc037f80, L_0x5587dc038090, L_0x5587dc038260, L_0x5587dc0384e0;
L_0x5587dc037f80 .functor NOT 1, L_0x5587dc037eb0, C4<0>, C4<0>, C4<0>;
L_0x5587dc0384e0 .functor NOT 1, L_0x5587dc038350, C4<0>, C4<0>, C4<0>;
L_0x5587dc0386d0 .functor AND 1, L_0x5587dc038840, L_0x5587dc038a40, L_0x5587dc038c30, L_0x5587dc038d20;
L_0x5587dc038840 .functor NOT 1, L_0x5587dc038770, C4<0>, C4<0>, C4<0>;
L_0x5587dc038f20 .functor AND 1, L_0x5587dc038fc0, L_0x5587dc039270, L_0x5587dc039520, L_0x5587dc039150;
L_0x5587dc039270 .functor NOT 1, L_0x5587dc0390b0, C4<0>, C4<0>, C4<0>;
L_0x5587dc039520 .functor NOT 1, L_0x5587dc039480, C4<0>, C4<0>, C4<0>;
L_0x5587dc039150 .functor NOT 1, L_0x5587dc039630, C4<0>, C4<0>, C4<0>;
L_0x5587dc039910 .functor AND 1, L_0x5587dc0399e0, L_0x5587dc039cb0, L_0x5587dc039f80, L_0x5587dc03a090;
L_0x5587dc039cb0 .functor NOT 1, L_0x5587dc039ad0, C4<0>, C4<0>, C4<0>;
L_0x5587dc039f80 .functor NOT 1, L_0x5587dc039ee0, C4<0>, C4<0>, C4<0>;
L_0x5587dc03a2d0 .functor OR 1, L_0x5587dc0350c0, L_0x5587dc039910, C4<0>, C4<0>;
L_0x5587dc039dc0 .functor BUFZ 1, L_0x5587dc038f20, C4<0>, C4<0>, C4<0>;
L_0x5587dc03a510 .functor OR 1, L_0x5587dc0366b0, L_0x5587dc0376b0, C4<0>, C4<0>;
L_0x5587dc03a710 .functor OR 1, L_0x5587dc0350c0, L_0x5587dc0366b0, C4<0>, C4<0>;
L_0x5587dc03a780 .functor BUFZ 1, L_0x5587dc0376b0, C4<0>, C4<0>, C4<0>;
L_0x5587dc03a940 .functor BUFZ 1, L_0x5587dc0350c0, C4<0>, C4<0>, C4<0>;
L_0x5587dc03a9b0 .functor BUFZ 1, L_0x5587dc036da0, C4<0>, C4<0>, C4<0>;
L_0x5587dc03ab80 .functor BUFZ 1, L_0x5587dc039910, C4<0>, C4<0>, C4<0>;
L_0x5587dc03abf0 .functor BUFZ 1, L_0x5587dc038f20, C4<0>, C4<0>, C4<0>;
L_0x5587dc03add0 .functor BUFZ 1, L_0x5587dc037d70, C4<0>, C4<0>, C4<0>;
L_0x5587dc03ae90 .functor BUFZ 1, L_0x5587dc038f20, C4<0>, C4<0>, C4<0>;
L_0x5587dc03b080 .functor OR 1, L_0x5587dc0357f0, L_0x5587dc035f40, C4<0>, C4<0>;
L_0x5587dc03b140 .functor OR 1, L_0x5587dc0350c0, L_0x5587dc0357f0, C4<0>, C4<0>;
L_0x5587dc03b340 .functor OR 1, L_0x5587dc035f40, L_0x5587dc037d70, L_0x5587dc038f20, C4<0>;
L_0x5587dc03b3b0 .functor OR 1, L_0x5587dc036da0, L_0x5587dc0386d0, C4<0>, C4<0>;
L_0x5587dc03b610 .functor BUFZ 1, L_0x5587dc0386d0, C4<0>, C4<0>, C4<0>;
v0x5587dc012ef0_0 .net "ALUOp0", 0 0, L_0x5587dc03ae90;  alias, 1 drivers
v0x5587dc012fb0_0 .net "ALUOp1", 0 0, L_0x5587dc03add0;  alias, 1 drivers
v0x5587dc013070_0 .net "ALUSrcA", 0 0, L_0x5587dc03b340;  alias, 1 drivers
v0x5587dc013110_0 .net "ALUSrcB0", 0 0, L_0x5587dc03b140;  alias, 1 drivers
v0x5587dc0131d0_0 .net "ALUSrcB1", 0 0, L_0x5587dc03b080;  alias, 1 drivers
v0x5587dc0132e0_0 .net "IRWrite", 0 0, L_0x5587dc03a940;  alias, 1 drivers
v0x5587dc0133a0_0 .net "IorD", 0 0, L_0x5587dc03a510;  alias, 1 drivers
v0x5587dc013460_0 .net "MemRead", 0 0, L_0x5587dc03a710;  alias, 1 drivers
v0x5587dc013520_0 .net "MemWrite", 0 0, L_0x5587dc03a780;  alias, 1 drivers
v0x5587dc0135e0_0 .net "MemtoReg", 0 0, L_0x5587dc03a9b0;  alias, 1 drivers
v0x5587dc0136a0_0 .net "PCSource0", 0 0, L_0x5587dc03abf0;  alias, 1 drivers
v0x5587dc013760_0 .net "PCSource1", 0 0, L_0x5587dc03ab80;  alias, 1 drivers
v0x5587dc013820_0 .net "PCWrite", 0 0, L_0x5587dc03a2d0;  alias, 1 drivers
v0x5587dc0138e0_0 .net "PCWriteCond", 0 0, L_0x5587dc039dc0;  alias, 1 drivers
v0x5587dc0139a0_0 .net "RegDst", 0 0, L_0x5587dc03b610;  alias, 1 drivers
v0x5587dc013a60_0 .net "RegWrite", 0 0, L_0x5587dc03b3b0;  alias, 1 drivers
v0x5587dc013b20_0 .net "StateRegister", 3 0, v0x5587dc018b70_0;  alias, 1 drivers
v0x5587dc013be0_0 .net "WireState0", 0 0, L_0x5587dc0350c0;  1 drivers
v0x5587dc013c80_0 .net "WireState1", 0 0, L_0x5587dc0357f0;  1 drivers
v0x5587dc013d40_0 .net "WireState2", 0 0, L_0x5587dc035f40;  1 drivers
v0x5587dc013e00_0 .net "WireState3", 0 0, L_0x5587dc0366b0;  1 drivers
v0x5587dc013ec0_0 .net "WireState4", 0 0, L_0x5587dc036da0;  1 drivers
v0x5587dc013f80_0 .net "WireState5", 0 0, L_0x5587dc0376b0;  1 drivers
v0x5587dc014040_0 .net "WireState6", 0 0, L_0x5587dc037d70;  1 drivers
v0x5587dc014100_0 .net "WireState7", 0 0, L_0x5587dc0386d0;  1 drivers
v0x5587dc0141c0_0 .net "WireState8", 0 0, L_0x5587dc038f20;  1 drivers
v0x5587dc014280_0 .net "WireState9", 0 0, L_0x5587dc039910;  1 drivers
v0x5587dc014340_0 .net *"_ivl_10", 0 0, L_0x5587dc035490;  1 drivers
v0x5587dc014420_0 .net *"_ivl_103", 0 0, L_0x5587dc038770;  1 drivers
v0x5587dc014500_0 .net *"_ivl_104", 0 0, L_0x5587dc038840;  1 drivers
v0x5587dc0145e0_0 .net *"_ivl_107", 0 0, L_0x5587dc038a40;  1 drivers
v0x5587dc0146c0_0 .net *"_ivl_109", 0 0, L_0x5587dc038c30;  1 drivers
v0x5587dc0147a0_0 .net *"_ivl_11", 0 0, L_0x5587dc035530;  1 drivers
v0x5587dc014880_0 .net *"_ivl_111", 0 0, L_0x5587dc038d20;  1 drivers
v0x5587dc014960_0 .net *"_ivl_114", 0 0, L_0x5587dc038fc0;  1 drivers
v0x5587dc014a40_0 .net *"_ivl_116", 0 0, L_0x5587dc0390b0;  1 drivers
v0x5587dc014b20_0 .net *"_ivl_117", 0 0, L_0x5587dc039270;  1 drivers
v0x5587dc014c00_0 .net *"_ivl_120", 0 0, L_0x5587dc039480;  1 drivers
v0x5587dc014ce0_0 .net *"_ivl_121", 0 0, L_0x5587dc039520;  1 drivers
v0x5587dc014dc0_0 .net *"_ivl_124", 0 0, L_0x5587dc039630;  1 drivers
v0x5587dc014ea0_0 .net *"_ivl_125", 0 0, L_0x5587dc039150;  1 drivers
v0x5587dc014f80_0 .net *"_ivl_129", 0 0, L_0x5587dc0399e0;  1 drivers
v0x5587dc015060_0 .net *"_ivl_131", 0 0, L_0x5587dc039ad0;  1 drivers
v0x5587dc015140_0 .net *"_ivl_132", 0 0, L_0x5587dc039cb0;  1 drivers
v0x5587dc015220_0 .net *"_ivl_135", 0 0, L_0x5587dc039ee0;  1 drivers
v0x5587dc015300_0 .net *"_ivl_136", 0 0, L_0x5587dc039f80;  1 drivers
v0x5587dc0153e0_0 .net *"_ivl_139", 0 0, L_0x5587dc03a090;  1 drivers
v0x5587dc0154c0_0 .net *"_ivl_14", 0 0, L_0x5587dc035640;  1 drivers
v0x5587dc0155a0_0 .net *"_ivl_15", 0 0, L_0x5587dc0356e0;  1 drivers
v0x5587dc015680_0 .net *"_ivl_19", 0 0, L_0x5587dc035860;  1 drivers
v0x5587dc015760_0 .net *"_ivl_2", 0 0, L_0x5587dc035130;  1 drivers
v0x5587dc015840_0 .net *"_ivl_20", 0 0, L_0x5587dc035900;  1 drivers
v0x5587dc015920_0 .net *"_ivl_23", 0 0, L_0x5587dc035a10;  1 drivers
v0x5587dc015a00_0 .net *"_ivl_24", 0 0, L_0x5587dc035af0;  1 drivers
v0x5587dc015ae0_0 .net *"_ivl_27", 0 0, L_0x5587dc035c50;  1 drivers
v0x5587dc015bc0_0 .net *"_ivl_28", 0 0, L_0x5587dc035cf0;  1 drivers
v0x5587dc015ca0_0 .net *"_ivl_3", 0 0, L_0x5587dc0351d0;  1 drivers
v0x5587dc015d80_0 .net *"_ivl_31", 0 0, L_0x5587dc035e00;  1 drivers
v0x5587dc015e60_0 .net *"_ivl_34", 0 0, L_0x5587dc036010;  1 drivers
v0x5587dc015f40_0 .net *"_ivl_35", 0 0, L_0x5587dc0360b0;  1 drivers
v0x5587dc016020_0 .net *"_ivl_38", 0 0, L_0x5587dc036170;  1 drivers
v0x5587dc016100_0 .net *"_ivl_39", 0 0, L_0x5587dc036270;  1 drivers
v0x5587dc0161e0_0 .net *"_ivl_42", 0 0, L_0x5587dc0363a0;  1 drivers
v0x5587dc0162c0_0 .net *"_ivl_44", 0 0, L_0x5587dc036490;  1 drivers
v0x5587dc0163a0_0 .net *"_ivl_45", 0 0, L_0x5587dc0365a0;  1 drivers
v0x5587dc016480_0 .net *"_ivl_49", 0 0, L_0x5587dc0367a0;  1 drivers
v0x5587dc016560_0 .net *"_ivl_50", 0 0, L_0x5587dc036330;  1 drivers
v0x5587dc016640_0 .net *"_ivl_53", 0 0, L_0x5587dc0368e0;  1 drivers
v0x5587dc016720_0 .net *"_ivl_54", 0 0, L_0x5587dc036530;  1 drivers
v0x5587dc016800_0 .net *"_ivl_57", 0 0, L_0x5587dc036b30;  1 drivers
v0x5587dc0168e0_0 .net *"_ivl_59", 0 0, L_0x5587dc036c20;  1 drivers
v0x5587dc0169c0_0 .net *"_ivl_6", 0 0, L_0x5587dc0352e0;  1 drivers
v0x5587dc016aa0_0 .net *"_ivl_62", 0 0, L_0x5587dc036e10;  1 drivers
v0x5587dc016b80_0 .net *"_ivl_63", 0 0, L_0x5587dc036eb0;  1 drivers
v0x5587dc016c60_0 .net *"_ivl_66", 0 0, L_0x5587dc037060;  1 drivers
v0x5587dc016d40_0 .net *"_ivl_68", 0 0, L_0x5587dc0371f0;  1 drivers
v0x5587dc016e20_0 .net *"_ivl_69", 0 0, L_0x5587dc037290;  1 drivers
v0x5587dc016f00_0 .net *"_ivl_7", 0 0, L_0x5587dc035380;  1 drivers
v0x5587dc016fe0_0 .net *"_ivl_72", 0 0, L_0x5587dc0373a0;  1 drivers
v0x5587dc0170c0_0 .net *"_ivl_73", 0 0, L_0x5587dc0374f0;  1 drivers
v0x5587dc0171a0_0 .net *"_ivl_77", 0 0, L_0x5587dc036fc0;  1 drivers
v0x5587dc017280_0 .net *"_ivl_78", 0 0, L_0x5587dc037720;  1 drivers
v0x5587dc017360_0 .net *"_ivl_81", 0 0, L_0x5587dc037150;  1 drivers
v0x5587dc017440_0 .net *"_ivl_83", 0 0, L_0x5587dc037a00;  1 drivers
v0x5587dc017520_0 .net *"_ivl_84", 0 0, L_0x5587dc037aa0;  1 drivers
v0x5587dc017600_0 .net *"_ivl_87", 0 0, L_0x5587dc037bb0;  1 drivers
v0x5587dc0176e0_0 .net *"_ivl_90", 0 0, L_0x5587dc037eb0;  1 drivers
v0x5587dc0177c0_0 .net *"_ivl_91", 0 0, L_0x5587dc037f80;  1 drivers
v0x5587dc0178a0_0 .net *"_ivl_94", 0 0, L_0x5587dc038090;  1 drivers
v0x5587dc017980_0 .net *"_ivl_96", 0 0, L_0x5587dc038260;  1 drivers
v0x5587dc017a60_0 .net *"_ivl_98", 0 0, L_0x5587dc038350;  1 drivers
v0x5587dc017b40_0 .net *"_ivl_99", 0 0, L_0x5587dc0384e0;  1 drivers
L_0x5587dc035130 .part v0x5587dc018b70_0, 3, 1;
L_0x5587dc0352e0 .part v0x5587dc018b70_0, 2, 1;
L_0x5587dc035490 .part v0x5587dc018b70_0, 1, 1;
L_0x5587dc035640 .part v0x5587dc018b70_0, 0, 1;
L_0x5587dc035860 .part v0x5587dc018b70_0, 3, 1;
L_0x5587dc035a10 .part v0x5587dc018b70_0, 2, 1;
L_0x5587dc035c50 .part v0x5587dc018b70_0, 1, 1;
L_0x5587dc035e00 .part v0x5587dc018b70_0, 0, 1;
L_0x5587dc036010 .part v0x5587dc018b70_0, 3, 1;
L_0x5587dc036170 .part v0x5587dc018b70_0, 2, 1;
L_0x5587dc0363a0 .part v0x5587dc018b70_0, 1, 1;
L_0x5587dc036490 .part v0x5587dc018b70_0, 0, 1;
L_0x5587dc0367a0 .part v0x5587dc018b70_0, 3, 1;
L_0x5587dc0368e0 .part v0x5587dc018b70_0, 2, 1;
L_0x5587dc036b30 .part v0x5587dc018b70_0, 1, 1;
L_0x5587dc036c20 .part v0x5587dc018b70_0, 0, 1;
L_0x5587dc036e10 .part v0x5587dc018b70_0, 3, 1;
L_0x5587dc037060 .part v0x5587dc018b70_0, 2, 1;
L_0x5587dc0371f0 .part v0x5587dc018b70_0, 1, 1;
L_0x5587dc0373a0 .part v0x5587dc018b70_0, 0, 1;
L_0x5587dc036fc0 .part v0x5587dc018b70_0, 3, 1;
L_0x5587dc037150 .part v0x5587dc018b70_0, 2, 1;
L_0x5587dc037a00 .part v0x5587dc018b70_0, 1, 1;
L_0x5587dc037bb0 .part v0x5587dc018b70_0, 0, 1;
L_0x5587dc037eb0 .part v0x5587dc018b70_0, 3, 1;
L_0x5587dc038090 .part v0x5587dc018b70_0, 2, 1;
L_0x5587dc038260 .part v0x5587dc018b70_0, 1, 1;
L_0x5587dc038350 .part v0x5587dc018b70_0, 0, 1;
L_0x5587dc038770 .part v0x5587dc018b70_0, 3, 1;
L_0x5587dc038a40 .part v0x5587dc018b70_0, 2, 1;
L_0x5587dc038c30 .part v0x5587dc018b70_0, 1, 1;
L_0x5587dc038d20 .part v0x5587dc018b70_0, 0, 1;
L_0x5587dc038fc0 .part v0x5587dc018b70_0, 3, 1;
L_0x5587dc0390b0 .part v0x5587dc018b70_0, 2, 1;
L_0x5587dc039480 .part v0x5587dc018b70_0, 1, 1;
L_0x5587dc039630 .part v0x5587dc018b70_0, 0, 1;
L_0x5587dc0399e0 .part v0x5587dc018b70_0, 3, 1;
L_0x5587dc039ad0 .part v0x5587dc018b70_0, 2, 1;
L_0x5587dc039ee0 .part v0x5587dc018b70_0, 1, 1;
L_0x5587dc03a090 .part v0x5587dc018b70_0, 0, 1;
    .scope S_0x5587dc004d20;
T_1 ;
    %vpi_call 3 13 "$dumpfile", "wave.vcd" {0 0 0};
    %vpi_call 3 14 "$dumpvars", 32'sb00000000000000000000000000000000, S_0x5587dc004d20 {0 0 0};
    %end;
    .thread T_1;
    .scope S_0x5587dc004d20;
T_2 ;
    %pushi/vec4 0, 0, 4;
    %assign/vec4 v0x5587dc018b70_0, 0;
    %end;
    .thread T_2;
    .scope S_0x5587dc004d20;
T_3 ;
    %wait E_0x5587dbf7d230;
    %load/vec4 v0x5587dc0185c0_0;
    %assign/vec4 v0x5587dc018b70_0, 0;
    %jmp T_3;
    .thread T_3;
    .scope S_0x5587dbfdb6c0;
T_4 ;
    %pushi/vec4 0, 0, 32;
    %store/vec4 v0x5587dc019e30_0, 0, 32;
    %pushi/vec4 0, 0, 1;
    %store/vec4 v0x5587dc019d90_0, 0, 1;
T_4.0 ;
    %load/vec4 v0x5587dc019d90_0;
    %inv;
    %store/vec4 v0x5587dc019cf0_0, 0, 1;
    %pushi/vec4 5, 0, 64;
    %ix/vec4 4;
    %delayx 4;
    %load/vec4 v0x5587dc019cf0_0;
    %store/vec4 v0x5587dc019d90_0, 0, 1;
    %jmp T_4.0;
    %end;
    .thread T_4;
    .scope S_0x5587dbfdb6c0;
T_5 ;
    %vpi_call 2 57 "$display", "Tipo R" {0 0 0};
    %pushi/vec4 51, 0, 6;
    %store/vec4 v0x5587dc019ef0_0, 0, 6;
    %delay 5, 0;
    %load/vec4 v0x5587dc019930_0;
    %load/vec4 v0x5587dc019a20_0;
    %concat/vec4; draw_concat_vec4
    %load/vec4 v0x5587dc0193e0_0;
    %concat/vec4; draw_concat_vec4
    %load/vec4 v0x5587dc0194d0_0;
    %concat/vec4; draw_concat_vec4
    %load/vec4 v0x5587dc0195c0_0;
    %concat/vec4; draw_concat_vec4
    %load/vec4 v0x5587dc0192f0_0;
    %concat/vec4; draw_concat_vec4
    %load/vec4 v0x5587dc019660_0;
    %concat/vec4; draw_concat_vec4
    %load/vec4 v0x5587dc019840_0;
    %concat/vec4; draw_concat_vec4
    %load/vec4 v0x5587dc019750_0;
    %concat/vec4; draw_concat_vec4
    %load/vec4 v0x5587dc018ec0_0;
    %concat/vec4; draw_concat_vec4
    %load/vec4 v0x5587dbf87360_0;
    %concat/vec4; draw_concat_vec4
    %load/vec4 v0x5587dc0191b0_0;
    %concat/vec4; draw_concat_vec4
    %load/vec4 v0x5587dc0190c0_0;
    %concat/vec4; draw_concat_vec4
    %load/vec4 v0x5587dc018fd0_0;
    %concat/vec4; draw_concat_vec4
    %load/vec4 v0x5587dc019c00_0;
    %concat/vec4; draw_concat_vec4
    %load/vec4 v0x5587dc019b10_0;
    %concat/vec4; draw_concat_vec4
    %concati/vec4 37896, 0, 16;
    %store/vec4 v0x5587dbf87510_0, 0, 32;
    %fork TD_control_unit_tb.Check, S_0x5587dbf6b0a0;
    %join;
    %delay 10, 0;
    %load/vec4 v0x5587dc019930_0;
    %load/vec4 v0x5587dc019a20_0;
    %concat/vec4; draw_concat_vec4
    %load/vec4 v0x5587dc0193e0_0;
    %concat/vec4; draw_concat_vec4
    %load/vec4 v0x5587dc0194d0_0;
    %concat/vec4; draw_concat_vec4
    %load/vec4 v0x5587dc0195c0_0;
    %concat/vec4; draw_concat_vec4
    %load/vec4 v0x5587dc0192f0_0;
    %concat/vec4; draw_concat_vec4
    %load/vec4 v0x5587dc019660_0;
    %concat/vec4; draw_concat_vec4
    %load/vec4 v0x5587dc019840_0;
    %concat/vec4; draw_concat_vec4
    %load/vec4 v0x5587dc019750_0;
    %concat/vec4; draw_concat_vec4
    %load/vec4 v0x5587dc018ec0_0;
    %concat/vec4; draw_concat_vec4
    %load/vec4 v0x5587dbf87360_0;
    %concat/vec4; draw_concat_vec4
    %load/vec4 v0x5587dc0191b0_0;
    %concat/vec4; draw_concat_vec4
    %load/vec4 v0x5587dc0190c0_0;
    %concat/vec4; draw_concat_vec4
    %load/vec4 v0x5587dc018fd0_0;
    %concat/vec4; draw_concat_vec4
    %load/vec4 v0x5587dc019c00_0;
    %concat/vec4; draw_concat_vec4
    %load/vec4 v0x5587dc019b10_0;
    %concat/vec4; draw_concat_vec4
    %concati/vec4 24, 0, 16;
    %store/vec4 v0x5587dbf87510_0, 0, 32;
    %fork TD_control_unit_tb.Check, S_0x5587dbf6b0a0;
    %join;
    %delay 10, 0;
    %load/vec4 v0x5587dc019930_0;
    %load/vec4 v0x5587dc019a20_0;
    %concat/vec4; draw_concat_vec4
    %load/vec4 v0x5587dc0193e0_0;
    %concat/vec4; draw_concat_vec4
    %load/vec4 v0x5587dc0194d0_0;
    %concat/vec4; draw_concat_vec4
    %load/vec4 v0x5587dc0195c0_0;
    %concat/vec4; draw_concat_vec4
    %load/vec4 v0x5587dc0192f0_0;
    %concat/vec4; draw_concat_vec4
    %load/vec4 v0x5587dc019660_0;
    %concat/vec4; draw_concat_vec4
    %load/vec4 v0x5587dc019840_0;
    %concat/vec4; draw_concat_vec4
    %load/vec4 v0x5587dc019750_0;
    %concat/vec4; draw_concat_vec4
    %load/vec4 v0x5587dc018ec0_0;
    %concat/vec4; draw_concat_vec4
    %load/vec4 v0x5587dbf87360_0;
    %concat/vec4; draw_concat_vec4
    %load/vec4 v0x5587dc0191b0_0;
    %concat/vec4; draw_concat_vec4
    %load/vec4 v0x5587dc0190c0_0;
    %concat/vec4; draw_concat_vec4
    %load/vec4 v0x5587dc018fd0_0;
    %concat/vec4; draw_concat_vec4
    %load/vec4 v0x5587dc019c00_0;
    %concat/vec4; draw_concat_vec4
    %load/vec4 v0x5587dc019b10_0;
    %concat/vec4; draw_concat_vec4
    %concati/vec4 68, 0, 16;
    %store/vec4 v0x5587dbf87510_0, 0, 32;
    %fork TD_control_unit_tb.Check, S_0x5587dbf6b0a0;
    %join;
    %delay 10, 0;
    %load/vec4 v0x5587dc019930_0;
    %load/vec4 v0x5587dc019a20_0;
    %concat/vec4; draw_concat_vec4
    %load/vec4 v0x5587dc0193e0_0;
    %concat/vec4; draw_concat_vec4
    %load/vec4 v0x5587dc0194d0_0;
    %concat/vec4; draw_concat_vec4
    %load/vec4 v0x5587dc0195c0_0;
    %concat/vec4; draw_concat_vec4
    %load/vec4 v0x5587dc0192f0_0;
    %concat/vec4; draw_concat_vec4
    %load/vec4 v0x5587dc019660_0;
    %concat/vec4; draw_concat_vec4
    %load/vec4 v0x5587dc019840_0;
    %concat/vec4; draw_concat_vec4
    %load/vec4 v0x5587dc019750_0;
    %concat/vec4; draw_concat_vec4
    %load/vec4 v0x5587dc018ec0_0;
    %concat/vec4; draw_concat_vec4
    %load/vec4 v0x5587dbf87360_0;
    %concat/vec4; draw_concat_vec4
    %load/vec4 v0x5587dc0191b0_0;
    %concat/vec4; draw_concat_vec4
    %load/vec4 v0x5587dc0190c0_0;
    %concat/vec4; draw_concat_vec4
    %load/vec4 v0x5587dc018fd0_0;
    %concat/vec4; draw_concat_vec4
    %load/vec4 v0x5587dc019c00_0;
    %concat/vec4; draw_concat_vec4
    %load/vec4 v0x5587dc019b10_0;
    %concat/vec4; draw_concat_vec4
    %concati/vec4 3, 0, 16;
    %store/vec4 v0x5587dbf87510_0, 0, 32;
    %fork TD_control_unit_tb.Check, S_0x5587dbf6b0a0;
    %join;
    %delay 10, 0;
    %load/vec4 v0x5587dc019930_0;
    %load/vec4 v0x5587dc019a20_0;
    %concat/vec4; draw_concat_vec4
    %load/vec4 v0x5587dc0193e0_0;
    %concat/vec4; draw_concat_vec4
    %load/vec4 v0x5587dc0194d0_0;
    %concat/vec4; draw_concat_vec4
    %load/vec4 v0x5587dc0195c0_0;
    %concat/vec4; draw_concat_vec4
    %load/vec4 v0x5587dc0192f0_0;
    %concat/vec4; draw_concat_vec4
    %load/vec4 v0x5587dc019660_0;
    %concat/vec4; draw_concat_vec4
    %load/vec4 v0x5587dc019840_0;
    %concat/vec4; draw_concat_vec4
    %load/vec4 v0x5587dc019750_0;
    %concat/vec4; draw_concat_vec4
    %load/vec4 v0x5587dc018ec0_0;
    %concat/vec4; draw_concat_vec4
    %load/vec4 v0x5587dbf87360_0;
    %concat/vec4; draw_concat_vec4
    %load/vec4 v0x5587dc0191b0_0;
    %concat/vec4; draw_concat_vec4
    %load/vec4 v0x5587dc0190c0_0;
    %concat/vec4; draw_concat_vec4
    %load/vec4 v0x5587dc018fd0_0;
    %concat/vec4; draw_concat_vec4
    %load/vec4 v0x5587dc019c00_0;
    %concat/vec4; draw_concat_vec4
    %load/vec4 v0x5587dc019b10_0;
    %concat/vec4; draw_concat_vec4
    %concati/vec4 37896, 0, 16;
    %store/vec4 v0x5587dbf87510_0, 0, 32;
    %fork TD_control_unit_tb.Check, S_0x5587dbf6b0a0;
    %join;
    %vpi_call 2 87 "$display", "Tipo jal" {0 0 0};
    %pushi/vec4 47, 0, 6;
    %store/vec4 v0x5587dc019ef0_0, 0, 6;
    %delay 10, 0;
    %load/vec4 v0x5587dc019930_0;
    %load/vec4 v0x5587dc019a20_0;
    %concat/vec4; draw_concat_vec4
    %load/vec4 v0x5587dc0193e0_0;
    %concat/vec4; draw_concat_vec4
    %load/vec4 v0x5587dc0194d0_0;
    %concat/vec4; draw_concat_vec4
    %load/vec4 v0x5587dc0195c0_0;
    %concat/vec4; draw_concat_vec4
    %load/vec4 v0x5587dc0192f0_0;
    %concat/vec4; draw_concat_vec4
    %load/vec4 v0x5587dc019660_0;
    %concat/vec4; draw_concat_vec4
    %load/vec4 v0x5587dc019840_0;
    %concat/vec4; draw_concat_vec4
    %load/vec4 v0x5587dc019750_0;
    %concat/vec4; draw_concat_vec4
    %load/vec4 v0x5587dc018ec0_0;
    %concat/vec4; draw_concat_vec4
    %load/vec4 v0x5587dbf87360_0;
    %concat/vec4; draw_concat_vec4
    %load/vec4 v0x5587dc0191b0_0;
    %concat/vec4; draw_concat_vec4
    %load/vec4 v0x5587dc0190c0_0;
    %concat/vec4; draw_concat_vec4
    %load/vec4 v0x5587dc018fd0_0;
    %concat/vec4; draw_concat_vec4
    %load/vec4 v0x5587dc019c00_0;
    %concat/vec4; draw_concat_vec4
    %load/vec4 v0x5587dc019b10_0;
    %concat/vec4; draw_concat_vec4
    %concati/vec4 24, 0, 16;
    %store/vec4 v0x5587dbf87510_0, 0, 32;
    %fork TD_control_unit_tb.Check, S_0x5587dbf6b0a0;
    %join;
    %delay 10, 0;
    %load/vec4 v0x5587dc019930_0;
    %load/vec4 v0x5587dc019a20_0;
    %concat/vec4; draw_concat_vec4
    %load/vec4 v0x5587dc0193e0_0;
    %concat/vec4; draw_concat_vec4
    %load/vec4 v0x5587dc0194d0_0;
    %concat/vec4; draw_concat_vec4
    %load/vec4 v0x5587dc0195c0_0;
    %concat/vec4; draw_concat_vec4
    %load/vec4 v0x5587dc0192f0_0;
    %concat/vec4; draw_concat_vec4
    %load/vec4 v0x5587dc019660_0;
    %concat/vec4; draw_concat_vec4
    %load/vec4 v0x5587dc019840_0;
    %concat/vec4; draw_concat_vec4
    %load/vec4 v0x5587dc019750_0;
    %concat/vec4; draw_concat_vec4
    %load/vec4 v0x5587dc018ec0_0;
    %concat/vec4; draw_concat_vec4
    %load/vec4 v0x5587dbf87360_0;
    %concat/vec4; draw_concat_vec4
    %load/vec4 v0x5587dc0191b0_0;
    %concat/vec4; draw_concat_vec4
    %load/vec4 v0x5587dc0190c0_0;
    %concat/vec4; draw_concat_vec4
    %load/vec4 v0x5587dc018fd0_0;
    %concat/vec4; draw_concat_vec4
    %load/vec4 v0x5587dc019c00_0;
    %concat/vec4; draw_concat_vec4
    %load/vec4 v0x5587dc019b10_0;
    %concat/vec4; draw_concat_vec4
    %concati/vec4 33024, 0, 16;
    %store/vec4 v0x5587dbf87510_0, 0, 32;
    %fork TD_control_unit_tb.Check, S_0x5587dbf6b0a0;
    %join;
    %delay 10, 0;
    %load/vec4 v0x5587dc019930_0;
    %load/vec4 v0x5587dc019a20_0;
    %concat/vec4; draw_concat_vec4
    %load/vec4 v0x5587dc0193e0_0;
    %concat/vec4; draw_concat_vec4
    %load/vec4 v0x5587dc0194d0_0;
    %concat/vec4; draw_concat_vec4
    %load/vec4 v0x5587dc0195c0_0;
    %concat/vec4; draw_concat_vec4
    %load/vec4 v0x5587dc0192f0_0;
    %concat/vec4; draw_concat_vec4
    %load/vec4 v0x5587dc019660_0;
    %concat/vec4; draw_concat_vec4
    %load/vec4 v0x5587dc019840_0;
    %concat/vec4; draw_concat_vec4
    %load/vec4 v0x5587dc019750_0;
    %concat/vec4; draw_concat_vec4
    %load/vec4 v0x5587dc018ec0_0;
    %concat/vec4; draw_concat_vec4
    %load/vec4 v0x5587dbf87360_0;
    %concat/vec4; draw_concat_vec4
    %load/vec4 v0x5587dc0191b0_0;
    %concat/vec4; draw_concat_vec4
    %load/vec4 v0x5587dc0190c0_0;
    %concat/vec4; draw_concat_vec4
    %load/vec4 v0x5587dc018fd0_0;
    %concat/vec4; draw_concat_vec4
    %load/vec4 v0x5587dc019c00_0;
    %concat/vec4; draw_concat_vec4
    %load/vec4 v0x5587dc019b10_0;
    %concat/vec4; draw_concat_vec4
    %concati/vec4 37896, 0, 16;
    %store/vec4 v0x5587dbf87510_0, 0, 32;
    %fork TD_control_unit_tb.Check, S_0x5587dbf6b0a0;
    %join;
    %vpi_call 2 107 "$display", "Tipo beq" {0 0 0};
    %pushi/vec4 35, 0, 6;
    %store/vec4 v0x5587dc019ef0_0, 0, 6;
    %delay 10, 0;
    %load/vec4 v0x5587dc019930_0;
    %load/vec4 v0x5587dc019a20_0;
    %concat/vec4; draw_concat_vec4
    %load/vec4 v0x5587dc0193e0_0;
    %concat/vec4; draw_concat_vec4
    %load/vec4 v0x5587dc0194d0_0;
    %concat/vec4; draw_concat_vec4
    %load/vec4 v0x5587dc0195c0_0;
    %concat/vec4; draw_concat_vec4
    %load/vec4 v0x5587dc0192f0_0;
    %concat/vec4; draw_concat_vec4
    %load/vec4 v0x5587dc019660_0;
    %concat/vec4; draw_concat_vec4
    %load/vec4 v0x5587dc019840_0;
    %concat/vec4; draw_concat_vec4
    %load/vec4 v0x5587dc019750_0;
    %concat/vec4; draw_concat_vec4
    %load/vec4 v0x5587dc018ec0_0;
    %concat/vec4; draw_concat_vec4
    %load/vec4 v0x5587dbf87360_0;
    %concat/vec4; draw_concat_vec4
    %load/vec4 v0x5587dc0191b0_0;
    %concat/vec4; draw_concat_vec4
    %load/vec4 v0x5587dc0190c0_0;
    %concat/vec4; draw_concat_vec4
    %load/vec4 v0x5587dc018fd0_0;
    %concat/vec4; draw_concat_vec4
    %load/vec4 v0x5587dc019c00_0;
    %concat/vec4; draw_concat_vec4
    %load/vec4 v0x5587dc019b10_0;
    %concat/vec4; draw_concat_vec4
    %concati/vec4 24, 0, 16;
    %store/vec4 v0x5587dbf87510_0, 0, 32;
    %fork TD_control_unit_tb.Check, S_0x5587dbf6b0a0;
    %join;
    %delay 10, 0;
    %load/vec4 v0x5587dc019930_0;
    %load/vec4 v0x5587dc019a20_0;
    %concat/vec4; draw_concat_vec4
    %load/vec4 v0x5587dc0193e0_0;
    %concat/vec4; draw_concat_vec4
    %load/vec4 v0x5587dc0194d0_0;
    %concat/vec4; draw_concat_vec4
    %load/vec4 v0x5587dc0195c0_0;
    %concat/vec4; draw_concat_vec4
    %load/vec4 v0x5587dc0192f0_0;
    %concat/vec4; draw_concat_vec4
    %load/vec4 v0x5587dc019660_0;
    %concat/vec4; draw_concat_vec4
    %load/vec4 v0x5587dc019840_0;
    %concat/vec4; draw_concat_vec4
    %load/vec4 v0x5587dc019750_0;
    %concat/vec4; draw_concat_vec4
    %load/vec4 v0x5587dc018ec0_0;
    %concat/vec4; draw_concat_vec4
    %load/vec4 v0x5587dbf87360_0;
    %concat/vec4; draw_concat_vec4
    %load/vec4 v0x5587dc0191b0_0;
    %concat/vec4; draw_concat_vec4
    %load/vec4 v0x5587dc0190c0_0;
    %concat/vec4; draw_concat_vec4
    %load/vec4 v0x5587dc018fd0_0;
    %concat/vec4; draw_concat_vec4
    %load/vec4 v0x5587dc019c00_0;
    %concat/vec4; draw_concat_vec4
    %load/vec4 v0x5587dc019b10_0;
    %concat/vec4; draw_concat_vec4
    %concati/vec4 16548, 0, 16;
    %store/vec4 v0x5587dbf87510_0, 0, 32;
    %fork TD_control_unit_tb.Check, S_0x5587dbf6b0a0;
    %join;
    %delay 10, 0;
    %load/vec4 v0x5587dc019930_0;
    %load/vec4 v0x5587dc019a20_0;
    %concat/vec4; draw_concat_vec4
    %load/vec4 v0x5587dc0193e0_0;
    %concat/vec4; draw_concat_vec4
    %load/vec4 v0x5587dc0194d0_0;
    %concat/vec4; draw_concat_vec4
    %load/vec4 v0x5587dc0195c0_0;
    %concat/vec4; draw_concat_vec4
    %load/vec4 v0x5587dc0192f0_0;
    %concat/vec4; draw_concat_vec4
    %load/vec4 v0x5587dc019660_0;
    %concat/vec4; draw_concat_vec4
    %load/vec4 v0x5587dc019840_0;
    %concat/vec4; draw_concat_vec4
    %load/vec4 v0x5587dc019750_0;
    %concat/vec4; draw_concat_vec4
    %load/vec4 v0x5587dc018ec0_0;
    %concat/vec4; draw_concat_vec4
    %load/vec4 v0x5587dbf87360_0;
    %concat/vec4; draw_concat_vec4
    %load/vec4 v0x5587dc0191b0_0;
    %concat/vec4; draw_concat_vec4
    %load/vec4 v0x5587dc0190c0_0;
    %concat/vec4; draw_concat_vec4
    %load/vec4 v0x5587dc018fd0_0;
    %concat/vec4; draw_concat_vec4
    %load/vec4 v0x5587dc019c00_0;
    %concat/vec4; draw_concat_vec4
    %load/vec4 v0x5587dc019b10_0;
    %concat/vec4; draw_concat_vec4
    %concati/vec4 37896, 0, 16;
    %store/vec4 v0x5587dbf87510_0, 0, 32;
    %fork TD_control_unit_tb.Check, S_0x5587dbf6b0a0;
    %join;
    %vpi_call 2 128 "$display", "Tipo lw" {0 0 0};
    %pushi/vec4 3, 0, 6;
    %store/vec4 v0x5587dc019ef0_0, 0, 6;
    %delay 10, 0;
    %load/vec4 v0x5587dc019930_0;
    %load/vec4 v0x5587dc019a20_0;
    %concat/vec4; draw_concat_vec4
    %load/vec4 v0x5587dc0193e0_0;
    %concat/vec4; draw_concat_vec4
    %load/vec4 v0x5587dc0194d0_0;
    %concat/vec4; draw_concat_vec4
    %load/vec4 v0x5587dc0195c0_0;
    %concat/vec4; draw_concat_vec4
    %load/vec4 v0x5587dc0192f0_0;
    %concat/vec4; draw_concat_vec4
    %load/vec4 v0x5587dc019660_0;
    %concat/vec4; draw_concat_vec4
    %load/vec4 v0x5587dc019840_0;
    %concat/vec4; draw_concat_vec4
    %load/vec4 v0x5587dc019750_0;
    %concat/vec4; draw_concat_vec4
    %load/vec4 v0x5587dc018ec0_0;
    %concat/vec4; draw_concat_vec4
    %load/vec4 v0x5587dbf87360_0;
    %concat/vec4; draw_concat_vec4
    %load/vec4 v0x5587dc0191b0_0;
    %concat/vec4; draw_concat_vec4
    %load/vec4 v0x5587dc0190c0_0;
    %concat/vec4; draw_concat_vec4
    %load/vec4 v0x5587dc018fd0_0;
    %concat/vec4; draw_concat_vec4
    %load/vec4 v0x5587dc019c00_0;
    %concat/vec4; draw_concat_vec4
    %load/vec4 v0x5587dc019b10_0;
    %concat/vec4; draw_concat_vec4
    %concati/vec4 24, 0, 16;
    %store/vec4 v0x5587dbf87510_0, 0, 32;
    %fork TD_control_unit_tb.Check, S_0x5587dbf6b0a0;
    %join;
    %delay 10, 0;
    %load/vec4 v0x5587dc019930_0;
    %load/vec4 v0x5587dc019a20_0;
    %concat/vec4; draw_concat_vec4
    %load/vec4 v0x5587dc0193e0_0;
    %concat/vec4; draw_concat_vec4
    %load/vec4 v0x5587dc0194d0_0;
    %concat/vec4; draw_concat_vec4
    %load/vec4 v0x5587dc0195c0_0;
    %concat/vec4; draw_concat_vec4
    %load/vec4 v0x5587dc0192f0_0;
    %concat/vec4; draw_concat_vec4
    %load/vec4 v0x5587dc019660_0;
    %concat/vec4; draw_concat_vec4
    %load/vec4 v0x5587dc019840_0;
    %concat/vec4; draw_concat_vec4
    %load/vec4 v0x5587dc019750_0;
    %concat/vec4; draw_concat_vec4
    %load/vec4 v0x5587dc018ec0_0;
    %concat/vec4; draw_concat_vec4
    %load/vec4 v0x5587dbf87360_0;
    %concat/vec4; draw_concat_vec4
    %load/vec4 v0x5587dc0191b0_0;
    %concat/vec4; draw_concat_vec4
    %load/vec4 v0x5587dc0190c0_0;
    %concat/vec4; draw_concat_vec4
    %load/vec4 v0x5587dc018fd0_0;
    %concat/vec4; draw_concat_vec4
    %load/vec4 v0x5587dc019c00_0;
    %concat/vec4; draw_concat_vec4
    %load/vec4 v0x5587dc019b10_0;
    %concat/vec4; draw_concat_vec4
    %concati/vec4 20, 0, 16;
    %store/vec4 v0x5587dbf87510_0, 0, 32;
    %fork TD_control_unit_tb.Check, S_0x5587dbf6b0a0;
    %join;
    %delay 10, 0;
    %load/vec4 v0x5587dc019930_0;
    %load/vec4 v0x5587dc019a20_0;
    %concat/vec4; draw_concat_vec4
    %load/vec4 v0x5587dc0193e0_0;
    %concat/vec4; draw_concat_vec4
    %load/vec4 v0x5587dc0194d0_0;
    %concat/vec4; draw_concat_vec4
    %load/vec4 v0x5587dc0195c0_0;
    %concat/vec4; draw_concat_vec4
    %load/vec4 v0x5587dc0192f0_0;
    %concat/vec4; draw_concat_vec4
    %load/vec4 v0x5587dc019660_0;
    %concat/vec4; draw_concat_vec4
    %load/vec4 v0x5587dc019840_0;
    %concat/vec4; draw_concat_vec4
    %load/vec4 v0x5587dc019750_0;
    %concat/vec4; draw_concat_vec4
    %load/vec4 v0x5587dc018ec0_0;
    %concat/vec4; draw_concat_vec4
    %load/vec4 v0x5587dbf87360_0;
    %concat/vec4; draw_concat_vec4
    %load/vec4 v0x5587dc0191b0_0;
    %concat/vec4; draw_concat_vec4
    %load/vec4 v0x5587dc0190c0_0;
    %concat/vec4; draw_concat_vec4
    %load/vec4 v0x5587dc018fd0_0;
    %concat/vec4; draw_concat_vec4
    %load/vec4 v0x5587dc019c00_0;
    %concat/vec4; draw_concat_vec4
    %load/vec4 v0x5587dc019b10_0;
    %concat/vec4; draw_concat_vec4
    %concati/vec4 12288, 0, 16;
    %store/vec4 v0x5587dbf87510_0, 0, 32;
    %fork TD_control_unit_tb.Check, S_0x5587dbf6b0a0;
    %join;
    %delay 10, 0;
    %load/vec4 v0x5587dc019930_0;
    %load/vec4 v0x5587dc019a20_0;
    %concat/vec4; draw_concat_vec4
    %load/vec4 v0x5587dc0193e0_0;
    %concat/vec4; draw_concat_vec4
    %load/vec4 v0x5587dc0194d0_0;
    %concat/vec4; draw_concat_vec4
    %load/vec4 v0x5587dc0195c0_0;
    %concat/vec4; draw_concat_vec4
    %load/vec4 v0x5587dc0192f0_0;
    %concat/vec4; draw_concat_vec4
    %load/vec4 v0x5587dc019660_0;
    %concat/vec4; draw_concat_vec4
    %load/vec4 v0x5587dc019840_0;
    %concat/vec4; draw_concat_vec4
    %load/vec4 v0x5587dc019750_0;
    %concat/vec4; draw_concat_vec4
    %load/vec4 v0x5587dc018ec0_0;
    %concat/vec4; draw_concat_vec4
    %load/vec4 v0x5587dbf87360_0;
    %concat/vec4; draw_concat_vec4
    %load/vec4 v0x5587dc0191b0_0;
    %concat/vec4; draw_concat_vec4
    %load/vec4 v0x5587dc0190c0_0;
    %concat/vec4; draw_concat_vec4
    %load/vec4 v0x5587dc018fd0_0;
    %concat/vec4; draw_concat_vec4
    %load/vec4 v0x5587dc019c00_0;
    %concat/vec4; draw_concat_vec4
    %load/vec4 v0x5587dc019b10_0;
    %concat/vec4; draw_concat_vec4
    %concati/vec4 514, 0, 16;
    %store/vec4 v0x5587dbf87510_0, 0, 32;
    %fork TD_control_unit_tb.Check, S_0x5587dbf6b0a0;
    %join;
    %delay 10, 0;
    %load/vec4 v0x5587dc019930_0;
    %load/vec4 v0x5587dc019a20_0;
    %concat/vec4; draw_concat_vec4
    %load/vec4 v0x5587dc0193e0_0;
    %concat/vec4; draw_concat_vec4
    %load/vec4 v0x5587dc0194d0_0;
    %concat/vec4; draw_concat_vec4
    %load/vec4 v0x5587dc0195c0_0;
    %concat/vec4; draw_concat_vec4
    %load/vec4 v0x5587dc0192f0_0;
    %concat/vec4; draw_concat_vec4
    %load/vec4 v0x5587dc019660_0;
    %concat/vec4; draw_concat_vec4
    %load/vec4 v0x5587dc019840_0;
    %concat/vec4; draw_concat_vec4
    %load/vec4 v0x5587dc019750_0;
    %concat/vec4; draw_concat_vec4
    %load/vec4 v0x5587dc018ec0_0;
    %concat/vec4; draw_concat_vec4
    %load/vec4 v0x5587dbf87360_0;
    %concat/vec4; draw_concat_vec4
    %load/vec4 v0x5587dc0191b0_0;
    %concat/vec4; draw_concat_vec4
    %load/vec4 v0x5587dc0190c0_0;
    %concat/vec4; draw_concat_vec4
    %load/vec4 v0x5587dc018fd0_0;
    %concat/vec4; draw_concat_vec4
    %load/vec4 v0x5587dc019c00_0;
    %concat/vec4; draw_concat_vec4
    %load/vec4 v0x5587dc019b10_0;
    %concat/vec4; draw_concat_vec4
    %concati/vec4 37896, 0, 16;
    %store/vec4 v0x5587dbf87510_0, 0, 32;
    %fork TD_control_unit_tb.Check, S_0x5587dbf6b0a0;
    %join;
    %vpi_call 2 159 "$display", "Tipo sw" {0 0 0};
    %pushi/vec4 35, 0, 6;
    %store/vec4 v0x5587dc019ef0_0, 0, 6;
    %delay 10, 0;
    %load/vec4 v0x5587dc019930_0;
    %load/vec4 v0x5587dc019a20_0;
    %concat/vec4; draw_concat_vec4
    %load/vec4 v0x5587dc0193e0_0;
    %concat/vec4; draw_concat_vec4
    %load/vec4 v0x5587dc0194d0_0;
    %concat/vec4; draw_concat_vec4
    %load/vec4 v0x5587dc0195c0_0;
    %concat/vec4; draw_concat_vec4
    %load/vec4 v0x5587dc0192f0_0;
    %concat/vec4; draw_concat_vec4
    %load/vec4 v0x5587dc019660_0;
    %concat/vec4; draw_concat_vec4
    %load/vec4 v0x5587dc019840_0;
    %concat/vec4; draw_concat_vec4
    %load/vec4 v0x5587dc019750_0;
    %concat/vec4; draw_concat_vec4
    %load/vec4 v0x5587dc018ec0_0;
    %concat/vec4; draw_concat_vec4
    %load/vec4 v0x5587dbf87360_0;
    %concat/vec4; draw_concat_vec4
    %load/vec4 v0x5587dc0191b0_0;
    %concat/vec4; draw_concat_vec4
    %load/vec4 v0x5587dc0190c0_0;
    %concat/vec4; draw_concat_vec4
    %load/vec4 v0x5587dc018fd0_0;
    %concat/vec4; draw_concat_vec4
    %load/vec4 v0x5587dc019c00_0;
    %concat/vec4; draw_concat_vec4
    %load/vec4 v0x5587dc019b10_0;
    %concat/vec4; draw_concat_vec4
    %concati/vec4 24, 0, 16;
    %store/vec4 v0x5587dbf87510_0, 0, 32;
    %fork TD_control_unit_tb.Check, S_0x5587dbf6b0a0;
    %join;
    %delay 10, 0;
    %load/vec4 v0x5587dc019930_0;
    %load/vec4 v0x5587dc019a20_0;
    %concat/vec4; draw_concat_vec4
    %load/vec4 v0x5587dc0193e0_0;
    %concat/vec4; draw_concat_vec4
    %load/vec4 v0x5587dc0194d0_0;
    %concat/vec4; draw_concat_vec4
    %load/vec4 v0x5587dc0195c0_0;
    %concat/vec4; draw_concat_vec4
    %load/vec4 v0x5587dc0192f0_0;
    %concat/vec4; draw_concat_vec4
    %load/vec4 v0x5587dc019660_0;
    %concat/vec4; draw_concat_vec4
    %load/vec4 v0x5587dc019840_0;
    %concat/vec4; draw_concat_vec4
    %load/vec4 v0x5587dc019750_0;
    %concat/vec4; draw_concat_vec4
    %load/vec4 v0x5587dc018ec0_0;
    %concat/vec4; draw_concat_vec4
    %load/vec4 v0x5587dbf87360_0;
    %concat/vec4; draw_concat_vec4
    %load/vec4 v0x5587dc0191b0_0;
    %concat/vec4; draw_concat_vec4
    %load/vec4 v0x5587dc0190c0_0;
    %concat/vec4; draw_concat_vec4
    %load/vec4 v0x5587dc018fd0_0;
    %concat/vec4; draw_concat_vec4
    %load/vec4 v0x5587dc019c00_0;
    %concat/vec4; draw_concat_vec4
    %load/vec4 v0x5587dc019b10_0;
    %concat/vec4; draw_concat_vec4
    %concati/vec4 20, 0, 16;
    %store/vec4 v0x5587dbf87510_0, 0, 32;
    %fork TD_control_unit_tb.Check, S_0x5587dbf6b0a0;
    %join;
    %delay 10, 0;
    %load/vec4 v0x5587dc019930_0;
    %load/vec4 v0x5587dc019a20_0;
    %concat/vec4; draw_concat_vec4
    %load/vec4 v0x5587dc0193e0_0;
    %concat/vec4; draw_concat_vec4
    %load/vec4 v0x5587dc0194d0_0;
    %concat/vec4; draw_concat_vec4
    %load/vec4 v0x5587dc0195c0_0;
    %concat/vec4; draw_concat_vec4
    %load/vec4 v0x5587dc0192f0_0;
    %concat/vec4; draw_concat_vec4
    %load/vec4 v0x5587dc019660_0;
    %concat/vec4; draw_concat_vec4
    %load/vec4 v0x5587dc019840_0;
    %concat/vec4; draw_concat_vec4
    %load/vec4 v0x5587dc019750_0;
    %concat/vec4; draw_concat_vec4
    %load/vec4 v0x5587dc018ec0_0;
    %concat/vec4; draw_concat_vec4
    %load/vec4 v0x5587dbf87360_0;
    %concat/vec4; draw_concat_vec4
    %load/vec4 v0x5587dc0191b0_0;
    %concat/vec4; draw_concat_vec4
    %load/vec4 v0x5587dc0190c0_0;
    %concat/vec4; draw_concat_vec4
    %load/vec4 v0x5587dc018fd0_0;
    %concat/vec4; draw_concat_vec4
    %load/vec4 v0x5587dc019c00_0;
    %concat/vec4; draw_concat_vec4
    %load/vec4 v0x5587dc019b10_0;
    %concat/vec4; draw_concat_vec4
    %concati/vec4 10240, 0, 16;
    %store/vec4 v0x5587dbf87510_0, 0, 32;
    %fork TD_control_unit_tb.Check, S_0x5587dbf6b0a0;
    %join;
    %delay 10, 0;
    %load/vec4 v0x5587dc019930_0;
    %load/vec4 v0x5587dc019a20_0;
    %concat/vec4; draw_concat_vec4
    %load/vec4 v0x5587dc0193e0_0;
    %concat/vec4; draw_concat_vec4
    %load/vec4 v0x5587dc0194d0_0;
    %concat/vec4; draw_concat_vec4
    %load/vec4 v0x5587dc0195c0_0;
    %concat/vec4; draw_concat_vec4
    %load/vec4 v0x5587dc0192f0_0;
    %concat/vec4; draw_concat_vec4
    %load/vec4 v0x5587dc019660_0;
    %concat/vec4; draw_concat_vec4
    %load/vec4 v0x5587dc019840_0;
    %concat/vec4; draw_concat_vec4
    %load/vec4 v0x5587dc019750_0;
    %concat/vec4; draw_concat_vec4
    %load/vec4 v0x5587dc018ec0_0;
    %concat/vec4; draw_concat_vec4
    %load/vec4 v0x5587dbf87360_0;
    %concat/vec4; draw_concat_vec4
    %load/vec4 v0x5587dc0191b0_0;
    %concat/vec4; draw_concat_vec4
    %load/vec4 v0x5587dc0190c0_0;
    %concat/vec4; draw_concat_vec4
    %load/vec4 v0x5587dc018fd0_0;
    %concat/vec4; draw_concat_vec4
    %load/vec4 v0x5587dc019c00_0;
    %concat/vec4; draw_concat_vec4
    %load/vec4 v0x5587dc019b10_0;
    %concat/vec4; draw_concat_vec4
    %concati/vec4 37896, 0, 16;
    %store/vec4 v0x5587dbf87510_0, 0, 32;
    %fork TD_control_unit_tb.Check, S_0x5587dbf6b0a0;
    %join;
    %vpi_call 2 184 "$display", "Errors: %d", v0x5587dc019e30_0 {0 0 0};
    %vpi_call 2 185 "$finish" {0 0 0};
    %end;
    .thread T_5;
# The file index is used to find the file name in the following table.
:file_names 6;
    "N/A";
    "<interactive>";
    "control_unit_tb.v";
    "control_unit.v";
    "././utils/cu/next_state.v";
    "././utils/cu/outputs.v";
