#! /usr/bin/vvp
:ivl_version "11.0 (stable)";
:ivl_delay_selection "TYPICAL";
:vpi_time_precision + 0;
:vpi_module "/usr/lib/x86_64-linux-gnu/ivl/system.vpi";
:vpi_module "/usr/lib/x86_64-linux-gnu/ivl/vhdl_sys.vpi";
:vpi_module "/usr/lib/x86_64-linux-gnu/ivl/vhdl_textio.vpi";
:vpi_module "/usr/lib/x86_64-linux-gnu/ivl/v2005_math.vpi";
:vpi_module "/usr/lib/x86_64-linux-gnu/ivl/va_math.vpi";
S_0x556cb5d4cad0 .scope module, "outputs_tb" "outputs_tb" 2 1;
 .timescale 0 0;
v0x556cb5d8a470_0 .net "ALUOp0", 0 0, L_0x556cb5d91a30;  1 drivers
v0x556cb5d8a530_0 .net "ALUOp1", 0 0, L_0x556cb5d91920;  1 drivers
v0x556cb5d8a5d0_0 .net "ALUSrcA", 0 0, L_0x556cb5d92020;  1 drivers
v0x556cb5d8a670_0 .net "ALUSrcB0", 0 0, L_0x556cb5d91dd0;  1 drivers
v0x556cb5d8a710_0 .net "ALUSrcB1", 0 0, L_0x556cb5d91c70;  1 drivers
v0x556cb5d8a7b0_0 .net "IRWrite", 0 0, L_0x556cb5d91350;  1 drivers
v0x556cb5d8a880_0 .net "IorD", 0 0, L_0x556cb5d90de0;  1 drivers
v0x556cb5d8a950_0 .net "MemRead", 0 0, L_0x556cb5d91080;  1 drivers
v0x556cb5d8aa20_0 .net "MemWrite", 0 0, L_0x556cb5d91140;  1 drivers
v0x556cb5d8aaf0_0 .net "MemtoReg", 0 0, L_0x556cb5d91410;  1 drivers
v0x556cb5d8abc0_0 .net "PCSource0", 0 0, L_0x556cb5d916f0;  1 drivers
v0x556cb5d8ac90_0 .net "PCSource1", 0 0, L_0x556cb5d91630;  1 drivers
v0x556cb5d8ad60_0 .net "PCWrite", 0 0, L_0x556cb5d90b50;  1 drivers
v0x556cb5d8ae30_0 .net "PCWriteCond", 0 0, L_0x556cb5d90640;  1 drivers
v0x556cb5d8af00_0 .net "RegDst", 0 0, L_0x556cb5d92340;  1 drivers
v0x556cb5d8afd0_0 .net "RegWrite", 0 0, L_0x556cb5d920e0;  1 drivers
v0x556cb5d8b0a0_0 .var "StateRegister", 3 0;
v0x556cb5d8b170_0 .var/i "errors", 31 0;
S_0x556cb5d23150 .scope task, "Check" "Check" 2 22, 2 22 0, S_0x556cb5d4cad0;
 .timescale 0 0;
v0x556cb5d23330_0 .var "expect", 1 0;
TD_outputs_tb.Check ;
    %load/vec4 v0x556cb5d23330_0;
    %parti/s 1, 1, 2;
    %load/vec4 v0x556cb5d23330_0;
    %parti/s 1, 0, 2;
    %cmp/ne;
    %jmp/0xz  T_0.0, 4;
    %vpi_call 2 26 "$display", "Got %b, expected %b", &PV<v0x556cb5d23330_0, 1, 1>, &PV<v0x556cb5d23330_0, 0, 1> {0 0 0};
    %load/vec4 v0x556cb5d8b170_0;
    %addi 1, 0, 32;
    %store/vec4 v0x556cb5d8b170_0, 0, 32;
T_0.0 ;
    %end;
S_0x556cb5d85080 .scope module, "UUT" "outputs" 2 31, 3 1 0, S_0x556cb5d4cad0;
 .timescale 0 0;
    .port_info 0 /INPUT 4 "StateRegister";
    .port_info 1 /OUTPUT 1 "PCWrite";
    .port_info 2 /OUTPUT 1 "PCWriteCond";
    .port_info 3 /OUTPUT 1 "IorD";
    .port_info 4 /OUTPUT 1 "MemRead";
    .port_info 5 /OUTPUT 1 "MemWrite";
    .port_info 6 /OUTPUT 1 "IRWrite";
    .port_info 7 /OUTPUT 1 "MemtoReg";
    .port_info 8 /OUTPUT 1 "PCSource1";
    .port_info 9 /OUTPUT 1 "PCSource0";
    .port_info 10 /OUTPUT 1 "ALUOp1";
    .port_info 11 /OUTPUT 1 "ALUOp0";
    .port_info 12 /OUTPUT 1 "ALUSrcB1";
    .port_info 13 /OUTPUT 1 "ALUSrcB0";
    .port_info 14 /OUTPUT 1 "ALUSrcA";
    .port_info 15 /OUTPUT 1 "RegWrite";
    .port_info 16 /OUTPUT 1 "RegDst";
L_0x556cb5d8b210 .functor AND 1, L_0x556cb5d8b470, L_0x556cb5d8b620, L_0x556cb5d8b7d0, L_0x556cb5d8b990;
L_0x556cb5d8b470 .functor NOT 1, L_0x556cb5d8b3a0, C4<0>, C4<0>, C4<0>;
L_0x556cb5d8b620 .functor NOT 1, L_0x556cb5d8b580, C4<0>, C4<0>, C4<0>;
L_0x556cb5d8b7d0 .functor NOT 1, L_0x556cb5d8b730, C4<0>, C4<0>, C4<0>;
L_0x556cb5d8b990 .functor NOT 1, L_0x556cb5d8b8c0, C4<0>, C4<0>, C4<0>;
L_0x556cb5d8baa0 .functor AND 1, L_0x556cb5d8bbf0, L_0x556cb5d8bde0, L_0x556cb5d8bfe0, L_0x556cb5d8c0f0;
L_0x556cb5d8bbf0 .functor NOT 1, L_0x556cb5d8bb50, C4<0>, C4<0>, C4<0>;
L_0x556cb5d8bde0 .functor NOT 1, L_0x556cb5d8bd00, C4<0>, C4<0>, C4<0>;
L_0x556cb5d8bfe0 .functor NOT 1, L_0x556cb5d8bf40, C4<0>, C4<0>, C4<0>;
L_0x556cb5d8c230 .functor AND 1, L_0x556cb5d8c3d0, L_0x556cb5d8c590, L_0x556cb5d8c6c0, L_0x556cb5d8c8c0;
L_0x556cb5d8c3d0 .functor NOT 1, L_0x556cb5d8c300, C4<0>, C4<0>, C4<0>;
L_0x556cb5d8c590 .functor NOT 1, L_0x556cb5d8c490, C4<0>, C4<0>, C4<0>;
L_0x556cb5d8c8c0 .functor NOT 1, L_0x556cb5d8c7b0, C4<0>, C4<0>, C4<0>;
L_0x556cb5d8c9d0 .functor AND 1, L_0x556cb5d8c650, L_0x556cb5d8c850, L_0x556cb5d8ceb0, L_0x556cb5d8cfa0;
L_0x556cb5d8c650 .functor NOT 1, L_0x556cb5d8caf0, C4<0>, C4<0>, C4<0>;
L_0x556cb5d8c850 .functor NOT 1, L_0x556cb5d8cc60, C4<0>, C4<0>, C4<0>;
L_0x556cb5d8d120 .functor AND 1, L_0x556cb5d8d290, L_0x556cb5d8d440, L_0x556cb5d8d670, L_0x556cb5d8d8d0;
L_0x556cb5d8d290 .functor NOT 1, L_0x556cb5d8d1c0, C4<0>, C4<0>, C4<0>;
L_0x556cb5d8d670 .functor NOT 1, L_0x556cb5d8d5d0, C4<0>, C4<0>, C4<0>;
L_0x556cb5d8d8d0 .functor NOT 1, L_0x556cb5d8d780, C4<0>, C4<0>, C4<0>;
L_0x556cb5d8da90 .functor AND 1, L_0x556cb5d8db60, L_0x556cb5d8d530, L_0x556cb5d8dee0, L_0x556cb5d8dff0;
L_0x556cb5d8db60 .functor NOT 1, L_0x556cb5d8d3a0, C4<0>, C4<0>, C4<0>;
L_0x556cb5d8dee0 .functor NOT 1, L_0x556cb5d8de40, C4<0>, C4<0>, C4<0>;
L_0x556cb5d8e1b0 .functor AND 1, L_0x556cb5d8e3f0, L_0x556cb5d8e500, L_0x556cb5d8e6d0, L_0x556cb5d8e950;
L_0x556cb5d8e3f0 .functor NOT 1, L_0x556cb5d8e320, C4<0>, C4<0>, C4<0>;
L_0x556cb5d8e950 .functor NOT 1, L_0x556cb5d8e7c0, C4<0>, C4<0>, C4<0>;
L_0x556cb5d8eb40 .functor AND 1, L_0x556cb5d8ecb0, L_0x556cb5d8eeb0, L_0x556cb5d8f0a0, L_0x556cb5d8f5a0;
L_0x556cb5d8ecb0 .functor NOT 1, L_0x556cb5d8ebe0, C4<0>, C4<0>, C4<0>;
L_0x556cb5d8f7a0 .functor AND 1, L_0x556cb5d8f810, L_0x556cb5d8fac0, L_0x556cb5d8fd70, L_0x556cb5d8f9a0;
L_0x556cb5d8fac0 .functor NOT 1, L_0x556cb5d8f900, C4<0>, C4<0>, C4<0>;
L_0x556cb5d8fd70 .functor NOT 1, L_0x556cb5d8fcd0, C4<0>, C4<0>, C4<0>;
L_0x556cb5d8f9a0 .functor NOT 1, L_0x556cb5d8fe80, C4<0>, C4<0>, C4<0>;
L_0x556cb5d90160 .functor AND 1, L_0x556cb5d90260, L_0x556cb5d90530, L_0x556cb5d90800, L_0x556cb5d90910;
L_0x556cb5d90530 .functor NOT 1, L_0x556cb5d90350, C4<0>, C4<0>, C4<0>;
L_0x556cb5d90800 .functor NOT 1, L_0x556cb5d90760, C4<0>, C4<0>, C4<0>;
L_0x556cb5d90b50 .functor OR 1, L_0x556cb5d8b210, L_0x556cb5d90160, C4<0>, C4<0>;
L_0x556cb5d90640 .functor BUFZ 1, L_0x556cb5d8f7a0, C4<0>, C4<0>, C4<0>;
L_0x556cb5d90de0 .functor OR 1, L_0x556cb5d8c9d0, L_0x556cb5d8da90, C4<0>, C4<0>;
L_0x556cb5d91080 .functor OR 1, L_0x556cb5d8b210, L_0x556cb5d8c9d0, C4<0>, C4<0>;
L_0x556cb5d91140 .functor BUFZ 1, L_0x556cb5d8da90, C4<0>, C4<0>, C4<0>;
L_0x556cb5d91350 .functor BUFZ 1, L_0x556cb5d8b210, C4<0>, C4<0>, C4<0>;
L_0x556cb5d91410 .functor BUFZ 1, L_0x556cb5d8d120, C4<0>, C4<0>, C4<0>;
L_0x556cb5d91630 .functor BUFZ 1, L_0x556cb5d90160, C4<0>, C4<0>, C4<0>;
L_0x556cb5d916f0 .functor BUFZ 1, L_0x556cb5d8f7a0, C4<0>, C4<0>, C4<0>;
L_0x556cb5d91920 .functor BUFZ 1, L_0x556cb5d8e1b0, C4<0>, C4<0>, C4<0>;
L_0x556cb5d91a30 .functor BUFZ 1, L_0x556cb5d8f7a0, C4<0>, C4<0>, C4<0>;
L_0x556cb5d91c70 .functor OR 1, L_0x556cb5d8baa0, L_0x556cb5d8c230, C4<0>, C4<0>;
L_0x556cb5d91dd0 .functor OR 1, L_0x556cb5d8b210, L_0x556cb5d8baa0, C4<0>, C4<0>;
L_0x556cb5d92020 .functor OR 1, L_0x556cb5d8c230, L_0x556cb5d8e1b0, L_0x556cb5d8f7a0, C4<0>;
o0x7fd3209a6378 .functor BUFZ 1, C4<z>; HiZ drive
L_0x556cb5d920e0 .functor OR 1, L_0x556cb5d8d120, o0x7fd3209a6378, C4<0>, C4<0>;
L_0x556cb5d92340 .functor BUFZ 1, L_0x556cb5d8eb40, C4<0>, C4<0>, C4<0>;
v0x556cb5d85420_0 .net "ALUOp0", 0 0, L_0x556cb5d91a30;  alias, 1 drivers
v0x556cb5d854e0_0 .net "ALUOp1", 0 0, L_0x556cb5d91920;  alias, 1 drivers
v0x556cb5d855a0_0 .net "ALUSrcA", 0 0, L_0x556cb5d92020;  alias, 1 drivers
v0x556cb5d85640_0 .net "ALUSrcB0", 0 0, L_0x556cb5d91dd0;  alias, 1 drivers
v0x556cb5d85700_0 .net "ALUSrcB1", 0 0, L_0x556cb5d91c70;  alias, 1 drivers
v0x556cb5d85810_0 .net "IRWrite", 0 0, L_0x556cb5d91350;  alias, 1 drivers
v0x556cb5d858d0_0 .net "IorD", 0 0, L_0x556cb5d90de0;  alias, 1 drivers
v0x556cb5d85990_0 .net "MemRead", 0 0, L_0x556cb5d91080;  alias, 1 drivers
v0x556cb5d85a50_0 .net "MemWrite", 0 0, L_0x556cb5d91140;  alias, 1 drivers
v0x556cb5d85b10_0 .net "MemtoReg", 0 0, L_0x556cb5d91410;  alias, 1 drivers
v0x556cb5d85bd0_0 .net "PCSource0", 0 0, L_0x556cb5d916f0;  alias, 1 drivers
v0x556cb5d85c90_0 .net "PCSource1", 0 0, L_0x556cb5d91630;  alias, 1 drivers
v0x556cb5d85d50_0 .net "PCWrite", 0 0, L_0x556cb5d90b50;  alias, 1 drivers
v0x556cb5d85e10_0 .net "PCWriteCond", 0 0, L_0x556cb5d90640;  alias, 1 drivers
v0x556cb5d85ed0_0 .net "RegDst", 0 0, L_0x556cb5d92340;  alias, 1 drivers
v0x556cb5d85f90_0 .net "RegWrite", 0 0, L_0x556cb5d920e0;  alias, 1 drivers
v0x556cb5d86050_0 .net "StateRegister", 3 0, v0x556cb5d8b0a0_0;  1 drivers
v0x556cb5d86130_0 .net "WireState", 0 0, o0x7fd3209a6378;  0 drivers
v0x556cb5d861f0_0 .net "WireState0", 0 0, L_0x556cb5d8b210;  1 drivers
v0x556cb5d862b0_0 .net "WireState1", 0 0, L_0x556cb5d8baa0;  1 drivers
v0x556cb5d86370_0 .net "WireState2", 0 0, L_0x556cb5d8c230;  1 drivers
v0x556cb5d86430_0 .net "WireState3", 0 0, L_0x556cb5d8c9d0;  1 drivers
v0x556cb5d864f0_0 .net "WireState4", 0 0, L_0x556cb5d8d120;  1 drivers
v0x556cb5d865b0_0 .net "WireState5", 0 0, L_0x556cb5d8da90;  1 drivers
v0x556cb5d86670_0 .net "WireState6", 0 0, L_0x556cb5d8e1b0;  1 drivers
v0x556cb5d86730_0 .net "WireState7", 0 0, L_0x556cb5d8eb40;  1 drivers
v0x556cb5d867f0_0 .net "WireState8", 0 0, L_0x556cb5d8f7a0;  1 drivers
v0x556cb5d868b0_0 .net "WireState9", 0 0, L_0x556cb5d90160;  1 drivers
v0x556cb5d86970_0 .net *"_ivl_10", 0 0, L_0x556cb5d8b730;  1 drivers
v0x556cb5d86a50_0 .net *"_ivl_103", 0 0, L_0x556cb5d8ebe0;  1 drivers
v0x556cb5d86b30_0 .net *"_ivl_104", 0 0, L_0x556cb5d8ecb0;  1 drivers
v0x556cb5d86c10_0 .net *"_ivl_107", 0 0, L_0x556cb5d8eeb0;  1 drivers
v0x556cb5d86cf0_0 .net *"_ivl_109", 0 0, L_0x556cb5d8f0a0;  1 drivers
v0x556cb5d86dd0_0 .net *"_ivl_11", 0 0, L_0x556cb5d8b7d0;  1 drivers
v0x556cb5d86eb0_0 .net *"_ivl_111", 0 0, L_0x556cb5d8f5a0;  1 drivers
v0x556cb5d86f90_0 .net *"_ivl_114", 0 0, L_0x556cb5d8f810;  1 drivers
v0x556cb5d87070_0 .net *"_ivl_116", 0 0, L_0x556cb5d8f900;  1 drivers
v0x556cb5d87150_0 .net *"_ivl_117", 0 0, L_0x556cb5d8fac0;  1 drivers
v0x556cb5d87230_0 .net *"_ivl_120", 0 0, L_0x556cb5d8fcd0;  1 drivers
v0x556cb5d87310_0 .net *"_ivl_121", 0 0, L_0x556cb5d8fd70;  1 drivers
v0x556cb5d873f0_0 .net *"_ivl_124", 0 0, L_0x556cb5d8fe80;  1 drivers
v0x556cb5d874d0_0 .net *"_ivl_125", 0 0, L_0x556cb5d8f9a0;  1 drivers
v0x556cb5d875b0_0 .net *"_ivl_129", 0 0, L_0x556cb5d90260;  1 drivers
v0x556cb5d87690_0 .net *"_ivl_131", 0 0, L_0x556cb5d90350;  1 drivers
v0x556cb5d87770_0 .net *"_ivl_132", 0 0, L_0x556cb5d90530;  1 drivers
v0x556cb5d87850_0 .net *"_ivl_135", 0 0, L_0x556cb5d90760;  1 drivers
v0x556cb5d87930_0 .net *"_ivl_136", 0 0, L_0x556cb5d90800;  1 drivers
v0x556cb5d87a10_0 .net *"_ivl_139", 0 0, L_0x556cb5d90910;  1 drivers
v0x556cb5d87af0_0 .net *"_ivl_14", 0 0, L_0x556cb5d8b8c0;  1 drivers
v0x556cb5d87bd0_0 .net *"_ivl_15", 0 0, L_0x556cb5d8b990;  1 drivers
v0x556cb5d87cb0_0 .net *"_ivl_19", 0 0, L_0x556cb5d8bb50;  1 drivers
v0x556cb5d87d90_0 .net *"_ivl_2", 0 0, L_0x556cb5d8b3a0;  1 drivers
v0x556cb5d87e70_0 .net *"_ivl_20", 0 0, L_0x556cb5d8bbf0;  1 drivers
v0x556cb5d87f50_0 .net *"_ivl_23", 0 0, L_0x556cb5d8bd00;  1 drivers
v0x556cb5d88030_0 .net *"_ivl_24", 0 0, L_0x556cb5d8bde0;  1 drivers
v0x556cb5d88110_0 .net *"_ivl_27", 0 0, L_0x556cb5d8bf40;  1 drivers
v0x556cb5d881f0_0 .net *"_ivl_28", 0 0, L_0x556cb5d8bfe0;  1 drivers
v0x556cb5d882d0_0 .net *"_ivl_3", 0 0, L_0x556cb5d8b470;  1 drivers
v0x556cb5d883b0_0 .net *"_ivl_31", 0 0, L_0x556cb5d8c0f0;  1 drivers
v0x556cb5d88490_0 .net *"_ivl_34", 0 0, L_0x556cb5d8c300;  1 drivers
v0x556cb5d88570_0 .net *"_ivl_35", 0 0, L_0x556cb5d8c3d0;  1 drivers
v0x556cb5d88650_0 .net *"_ivl_38", 0 0, L_0x556cb5d8c490;  1 drivers
v0x556cb5d88730_0 .net *"_ivl_39", 0 0, L_0x556cb5d8c590;  1 drivers
v0x556cb5d88810_0 .net *"_ivl_42", 0 0, L_0x556cb5d8c6c0;  1 drivers
v0x556cb5d888f0_0 .net *"_ivl_44", 0 0, L_0x556cb5d8c7b0;  1 drivers
v0x556cb5d889d0_0 .net *"_ivl_45", 0 0, L_0x556cb5d8c8c0;  1 drivers
v0x556cb5d88ab0_0 .net *"_ivl_49", 0 0, L_0x556cb5d8caf0;  1 drivers
v0x556cb5d88b90_0 .net *"_ivl_50", 0 0, L_0x556cb5d8c650;  1 drivers
v0x556cb5d88c70_0 .net *"_ivl_53", 0 0, L_0x556cb5d8cc60;  1 drivers
v0x556cb5d88d50_0 .net *"_ivl_54", 0 0, L_0x556cb5d8c850;  1 drivers
v0x556cb5d88e30_0 .net *"_ivl_57", 0 0, L_0x556cb5d8ceb0;  1 drivers
v0x556cb5d88f10_0 .net *"_ivl_59", 0 0, L_0x556cb5d8cfa0;  1 drivers
v0x556cb5d88ff0_0 .net *"_ivl_6", 0 0, L_0x556cb5d8b580;  1 drivers
v0x556cb5d890d0_0 .net *"_ivl_62", 0 0, L_0x556cb5d8d1c0;  1 drivers
v0x556cb5d891b0_0 .net *"_ivl_63", 0 0, L_0x556cb5d8d290;  1 drivers
v0x556cb5d89290_0 .net *"_ivl_66", 0 0, L_0x556cb5d8d440;  1 drivers
v0x556cb5d89370_0 .net *"_ivl_68", 0 0, L_0x556cb5d8d5d0;  1 drivers
v0x556cb5d89450_0 .net *"_ivl_69", 0 0, L_0x556cb5d8d670;  1 drivers
v0x556cb5d89530_0 .net *"_ivl_7", 0 0, L_0x556cb5d8b620;  1 drivers
v0x556cb5d89610_0 .net *"_ivl_72", 0 0, L_0x556cb5d8d780;  1 drivers
v0x556cb5d896f0_0 .net *"_ivl_73", 0 0, L_0x556cb5d8d8d0;  1 drivers
v0x556cb5d897d0_0 .net *"_ivl_77", 0 0, L_0x556cb5d8d3a0;  1 drivers
v0x556cb5d898b0_0 .net *"_ivl_78", 0 0, L_0x556cb5d8db60;  1 drivers
v0x556cb5d89990_0 .net *"_ivl_81", 0 0, L_0x556cb5d8d530;  1 drivers
v0x556cb5d89a70_0 .net *"_ivl_83", 0 0, L_0x556cb5d8de40;  1 drivers
v0x556cb5d89b50_0 .net *"_ivl_84", 0 0, L_0x556cb5d8dee0;  1 drivers
v0x556cb5d89c30_0 .net *"_ivl_87", 0 0, L_0x556cb5d8dff0;  1 drivers
v0x556cb5d89d10_0 .net *"_ivl_90", 0 0, L_0x556cb5d8e320;  1 drivers
v0x556cb5d89df0_0 .net *"_ivl_91", 0 0, L_0x556cb5d8e3f0;  1 drivers
v0x556cb5d89ed0_0 .net *"_ivl_94", 0 0, L_0x556cb5d8e500;  1 drivers
v0x556cb5d89fb0_0 .net *"_ivl_96", 0 0, L_0x556cb5d8e6d0;  1 drivers
v0x556cb5d8a090_0 .net *"_ivl_98", 0 0, L_0x556cb5d8e7c0;  1 drivers
v0x556cb5d8a170_0 .net *"_ivl_99", 0 0, L_0x556cb5d8e950;  1 drivers
L_0x556cb5d8b3a0 .part v0x556cb5d8b0a0_0, 3, 1;
L_0x556cb5d8b580 .part v0x556cb5d8b0a0_0, 2, 1;
L_0x556cb5d8b730 .part v0x556cb5d8b0a0_0, 1, 1;
L_0x556cb5d8b8c0 .part v0x556cb5d8b0a0_0, 0, 1;
L_0x556cb5d8bb50 .part v0x556cb5d8b0a0_0, 3, 1;
L_0x556cb5d8bd00 .part v0x556cb5d8b0a0_0, 2, 1;
L_0x556cb5d8bf40 .part v0x556cb5d8b0a0_0, 1, 1;
L_0x556cb5d8c0f0 .part v0x556cb5d8b0a0_0, 0, 1;
L_0x556cb5d8c300 .part v0x556cb5d8b0a0_0, 3, 1;
L_0x556cb5d8c490 .part v0x556cb5d8b0a0_0, 2, 1;
L_0x556cb5d8c6c0 .part v0x556cb5d8b0a0_0, 1, 1;
L_0x556cb5d8c7b0 .part v0x556cb5d8b0a0_0, 0, 1;
L_0x556cb5d8caf0 .part v0x556cb5d8b0a0_0, 3, 1;
L_0x556cb5d8cc60 .part v0x556cb5d8b0a0_0, 2, 1;
L_0x556cb5d8ceb0 .part v0x556cb5d8b0a0_0, 1, 1;
L_0x556cb5d8cfa0 .part v0x556cb5d8b0a0_0, 0, 1;
L_0x556cb5d8d1c0 .part v0x556cb5d8b0a0_0, 3, 1;
L_0x556cb5d8d440 .part v0x556cb5d8b0a0_0, 2, 1;
L_0x556cb5d8d5d0 .part v0x556cb5d8b0a0_0, 1, 1;
L_0x556cb5d8d780 .part v0x556cb5d8b0a0_0, 0, 1;
L_0x556cb5d8d3a0 .part v0x556cb5d8b0a0_0, 3, 1;
L_0x556cb5d8d530 .part v0x556cb5d8b0a0_0, 2, 1;
L_0x556cb5d8de40 .part v0x556cb5d8b0a0_0, 1, 1;
L_0x556cb5d8dff0 .part v0x556cb5d8b0a0_0, 0, 1;
L_0x556cb5d8e320 .part v0x556cb5d8b0a0_0, 3, 1;
L_0x556cb5d8e500 .part v0x556cb5d8b0a0_0, 2, 1;
L_0x556cb5d8e6d0 .part v0x556cb5d8b0a0_0, 1, 1;
L_0x556cb5d8e7c0 .part v0x556cb5d8b0a0_0, 0, 1;
L_0x556cb5d8ebe0 .part v0x556cb5d8b0a0_0, 3, 1;
L_0x556cb5d8eeb0 .part v0x556cb5d8b0a0_0, 2, 1;
L_0x556cb5d8f0a0 .part v0x556cb5d8b0a0_0, 1, 1;
L_0x556cb5d8f5a0 .part v0x556cb5d8b0a0_0, 0, 1;
L_0x556cb5d8f810 .part v0x556cb5d8b0a0_0, 3, 1;
L_0x556cb5d8f900 .part v0x556cb5d8b0a0_0, 2, 1;
L_0x556cb5d8fcd0 .part v0x556cb5d8b0a0_0, 1, 1;
L_0x556cb5d8fe80 .part v0x556cb5d8b0a0_0, 0, 1;
L_0x556cb5d90260 .part v0x556cb5d8b0a0_0, 3, 1;
L_0x556cb5d90350 .part v0x556cb5d8b0a0_0, 2, 1;
L_0x556cb5d90760 .part v0x556cb5d8b0a0_0, 1, 1;
L_0x556cb5d90910 .part v0x556cb5d8b0a0_0, 0, 1;
    .scope S_0x556cb5d4cad0;
T_1 ;
    %pushi/vec4 0, 0, 4;
    %store/vec4 v0x556cb5d8b0a0_0, 0, 4;
    %delay 5, 0;
    %vpi_call 2 41 "$display", "Test #0" {0 0 0};
    %load/vec4 v0x556cb5d8ad60_0;
    %concati/vec4 1, 0, 1;
    %store/vec4 v0x556cb5d23330_0, 0, 2;
    %fork TD_outputs_tb.Check, S_0x556cb5d23150;
    %join;
    %load/vec4 v0x556cb5d8ae30_0;
    %concati/vec4 0, 0, 1;
    %store/vec4 v0x556cb5d23330_0, 0, 2;
    %fork TD_outputs_tb.Check, S_0x556cb5d23150;
    %join;
    %load/vec4 v0x556cb5d8a880_0;
    %concati/vec4 0, 0, 1;
    %store/vec4 v0x556cb5d23330_0, 0, 2;
    %fork TD_outputs_tb.Check, S_0x556cb5d23150;
    %join;
    %load/vec4 v0x556cb5d8a950_0;
    %concati/vec4 1, 0, 1;
    %store/vec4 v0x556cb5d23330_0, 0, 2;
    %fork TD_outputs_tb.Check, S_0x556cb5d23150;
    %join;
    %load/vec4 v0x556cb5d8aa20_0;
    %concati/vec4 0, 0, 1;
    %store/vec4 v0x556cb5d23330_0, 0, 2;
    %fork TD_outputs_tb.Check, S_0x556cb5d23150;
    %join;
    %load/vec4 v0x556cb5d8a7b0_0;
    %concati/vec4 1, 0, 1;
    %store/vec4 v0x556cb5d23330_0, 0, 2;
    %fork TD_outputs_tb.Check, S_0x556cb5d23150;
    %join;
    %load/vec4 v0x556cb5d8aaf0_0;
    %concati/vec4 0, 0, 1;
    %store/vec4 v0x556cb5d23330_0, 0, 2;
    %fork TD_outputs_tb.Check, S_0x556cb5d23150;
    %join;
    %load/vec4 v0x556cb5d8ac90_0;
    %concati/vec4 0, 0, 1;
    %store/vec4 v0x556cb5d23330_0, 0, 2;
    %fork TD_outputs_tb.Check, S_0x556cb5d23150;
    %join;
    %load/vec4 v0x556cb5d8abc0_0;
    %concati/vec4 0, 0, 1;
    %store/vec4 v0x556cb5d23330_0, 0, 2;
    %fork TD_outputs_tb.Check, S_0x556cb5d23150;
    %join;
    %load/vec4 v0x556cb5d8a530_0;
    %concati/vec4 0, 0, 1;
    %store/vec4 v0x556cb5d23330_0, 0, 2;
    %fork TD_outputs_tb.Check, S_0x556cb5d23150;
    %join;
    %load/vec4 v0x556cb5d8a470_0;
    %concati/vec4 0, 0, 1;
    %store/vec4 v0x556cb5d23330_0, 0, 2;
    %fork TD_outputs_tb.Check, S_0x556cb5d23150;
    %join;
    %load/vec4 v0x556cb5d8a710_0;
    %concati/vec4 0, 0, 1;
    %store/vec4 v0x556cb5d23330_0, 0, 2;
    %fork TD_outputs_tb.Check, S_0x556cb5d23150;
    %join;
    %load/vec4 v0x556cb5d8a670_0;
    %concati/vec4 1, 0, 1;
    %store/vec4 v0x556cb5d23330_0, 0, 2;
    %fork TD_outputs_tb.Check, S_0x556cb5d23150;
    %join;
    %load/vec4 v0x556cb5d8a5d0_0;
    %concati/vec4 0, 0, 1;
    %store/vec4 v0x556cb5d23330_0, 0, 2;
    %fork TD_outputs_tb.Check, S_0x556cb5d23150;
    %join;
    %load/vec4 v0x556cb5d8afd0_0;
    %concati/vec4 0, 0, 1;
    %store/vec4 v0x556cb5d23330_0, 0, 2;
    %fork TD_outputs_tb.Check, S_0x556cb5d23150;
    %join;
    %load/vec4 v0x556cb5d8af00_0;
    %concati/vec4 0, 0, 1;
    %store/vec4 v0x556cb5d23330_0, 0, 2;
    %fork TD_outputs_tb.Check, S_0x556cb5d23150;
    %join;
    %delay 5, 0;
    %pushi/vec4 1, 0, 4;
    %store/vec4 v0x556cb5d8b0a0_0, 0, 4;
    %delay 5, 0;
    %vpi_call 2 61 "$display", "Test #1" {0 0 0};
    %load/vec4 v0x556cb5d8ad60_0;
    %concati/vec4 0, 0, 1;
    %store/vec4 v0x556cb5d23330_0, 0, 2;
    %fork TD_outputs_tb.Check, S_0x556cb5d23150;
    %join;
    %load/vec4 v0x556cb5d8ae30_0;
    %concati/vec4 0, 0, 1;
    %store/vec4 v0x556cb5d23330_0, 0, 2;
    %fork TD_outputs_tb.Check, S_0x556cb5d23150;
    %join;
    %load/vec4 v0x556cb5d8a880_0;
    %concati/vec4 0, 0, 1;
    %store/vec4 v0x556cb5d23330_0, 0, 2;
    %fork TD_outputs_tb.Check, S_0x556cb5d23150;
    %join;
    %load/vec4 v0x556cb5d8a950_0;
    %concati/vec4 0, 0, 1;
    %store/vec4 v0x556cb5d23330_0, 0, 2;
    %fork TD_outputs_tb.Check, S_0x556cb5d23150;
    %join;
    %load/vec4 v0x556cb5d8aa20_0;
    %concati/vec4 0, 0, 1;
    %store/vec4 v0x556cb5d23330_0, 0, 2;
    %fork TD_outputs_tb.Check, S_0x556cb5d23150;
    %join;
    %load/vec4 v0x556cb5d8a7b0_0;
    %concati/vec4 0, 0, 1;
    %store/vec4 v0x556cb5d23330_0, 0, 2;
    %fork TD_outputs_tb.Check, S_0x556cb5d23150;
    %join;
    %load/vec4 v0x556cb5d8aaf0_0;
    %concati/vec4 0, 0, 1;
    %store/vec4 v0x556cb5d23330_0, 0, 2;
    %fork TD_outputs_tb.Check, S_0x556cb5d23150;
    %join;
    %load/vec4 v0x556cb5d8ac90_0;
    %concati/vec4 0, 0, 1;
    %store/vec4 v0x556cb5d23330_0, 0, 2;
    %fork TD_outputs_tb.Check, S_0x556cb5d23150;
    %join;
    %load/vec4 v0x556cb5d8abc0_0;
    %concati/vec4 0, 0, 1;
    %store/vec4 v0x556cb5d23330_0, 0, 2;
    %fork TD_outputs_tb.Check, S_0x556cb5d23150;
    %join;
    %load/vec4 v0x556cb5d8a530_0;
    %concati/vec4 0, 0, 1;
    %store/vec4 v0x556cb5d23330_0, 0, 2;
    %fork TD_outputs_tb.Check, S_0x556cb5d23150;
    %join;
    %load/vec4 v0x556cb5d8a470_0;
    %concati/vec4 0, 0, 1;
    %store/vec4 v0x556cb5d23330_0, 0, 2;
    %fork TD_outputs_tb.Check, S_0x556cb5d23150;
    %join;
    %load/vec4 v0x556cb5d8a710_0;
    %concati/vec4 1, 0, 1;
    %store/vec4 v0x556cb5d23330_0, 0, 2;
    %fork TD_outputs_tb.Check, S_0x556cb5d23150;
    %join;
    %load/vec4 v0x556cb5d8a670_0;
    %concati/vec4 1, 0, 1;
    %store/vec4 v0x556cb5d23330_0, 0, 2;
    %fork TD_outputs_tb.Check, S_0x556cb5d23150;
    %join;
    %load/vec4 v0x556cb5d8a5d0_0;
    %concati/vec4 0, 0, 1;
    %store/vec4 v0x556cb5d23330_0, 0, 2;
    %fork TD_outputs_tb.Check, S_0x556cb5d23150;
    %join;
    %load/vec4 v0x556cb5d8afd0_0;
    %concati/vec4 0, 0, 1;
    %store/vec4 v0x556cb5d23330_0, 0, 2;
    %fork TD_outputs_tb.Check, S_0x556cb5d23150;
    %join;
    %load/vec4 v0x556cb5d8af00_0;
    %concati/vec4 0, 0, 1;
    %store/vec4 v0x556cb5d23330_0, 0, 2;
    %fork TD_outputs_tb.Check, S_0x556cb5d23150;
    %join;
    %delay 5, 0;
    %pushi/vec4 2, 0, 4;
    %store/vec4 v0x556cb5d8b0a0_0, 0, 4;
    %delay 5, 0;
    %vpi_call 2 81 "$display", "Test #2" {0 0 0};
    %load/vec4 v0x556cb5d8ad60_0;
    %concati/vec4 0, 0, 1;
    %store/vec4 v0x556cb5d23330_0, 0, 2;
    %fork TD_outputs_tb.Check, S_0x556cb5d23150;
    %join;
    %load/vec4 v0x556cb5d8ae30_0;
    %concati/vec4 0, 0, 1;
    %store/vec4 v0x556cb5d23330_0, 0, 2;
    %fork TD_outputs_tb.Check, S_0x556cb5d23150;
    %join;
    %load/vec4 v0x556cb5d8a880_0;
    %concati/vec4 0, 0, 1;
    %store/vec4 v0x556cb5d23330_0, 0, 2;
    %fork TD_outputs_tb.Check, S_0x556cb5d23150;
    %join;
    %load/vec4 v0x556cb5d8a950_0;
    %concati/vec4 0, 0, 1;
    %store/vec4 v0x556cb5d23330_0, 0, 2;
    %fork TD_outputs_tb.Check, S_0x556cb5d23150;
    %join;
    %load/vec4 v0x556cb5d8aa20_0;
    %concati/vec4 0, 0, 1;
    %store/vec4 v0x556cb5d23330_0, 0, 2;
    %fork TD_outputs_tb.Check, S_0x556cb5d23150;
    %join;
    %load/vec4 v0x556cb5d8a7b0_0;
    %concati/vec4 0, 0, 1;
    %store/vec4 v0x556cb5d23330_0, 0, 2;
    %fork TD_outputs_tb.Check, S_0x556cb5d23150;
    %join;
    %load/vec4 v0x556cb5d8aaf0_0;
    %concati/vec4 0, 0, 1;
    %store/vec4 v0x556cb5d23330_0, 0, 2;
    %fork TD_outputs_tb.Check, S_0x556cb5d23150;
    %join;
    %load/vec4 v0x556cb5d8ac90_0;
    %concati/vec4 0, 0, 1;
    %store/vec4 v0x556cb5d23330_0, 0, 2;
    %fork TD_outputs_tb.Check, S_0x556cb5d23150;
    %join;
    %load/vec4 v0x556cb5d8abc0_0;
    %concati/vec4 0, 0, 1;
    %store/vec4 v0x556cb5d23330_0, 0, 2;
    %fork TD_outputs_tb.Check, S_0x556cb5d23150;
    %join;
    %load/vec4 v0x556cb5d8a530_0;
    %concati/vec4 0, 0, 1;
    %store/vec4 v0x556cb5d23330_0, 0, 2;
    %fork TD_outputs_tb.Check, S_0x556cb5d23150;
    %join;
    %load/vec4 v0x556cb5d8a470_0;
    %concati/vec4 0, 0, 1;
    %store/vec4 v0x556cb5d23330_0, 0, 2;
    %fork TD_outputs_tb.Check, S_0x556cb5d23150;
    %join;
    %load/vec4 v0x556cb5d8a710_0;
    %concati/vec4 1, 0, 1;
    %store/vec4 v0x556cb5d23330_0, 0, 2;
    %fork TD_outputs_tb.Check, S_0x556cb5d23150;
    %join;
    %load/vec4 v0x556cb5d8a670_0;
    %concati/vec4 0, 0, 1;
    %store/vec4 v0x556cb5d23330_0, 0, 2;
    %fork TD_outputs_tb.Check, S_0x556cb5d23150;
    %join;
    %load/vec4 v0x556cb5d8a5d0_0;
    %concati/vec4 1, 0, 1;
    %store/vec4 v0x556cb5d23330_0, 0, 2;
    %fork TD_outputs_tb.Check, S_0x556cb5d23150;
    %join;
    %load/vec4 v0x556cb5d8afd0_0;
    %concati/vec4 0, 0, 1;
    %store/vec4 v0x556cb5d23330_0, 0, 2;
    %fork TD_outputs_tb.Check, S_0x556cb5d23150;
    %join;
    %load/vec4 v0x556cb5d8af00_0;
    %concati/vec4 0, 0, 1;
    %store/vec4 v0x556cb5d23330_0, 0, 2;
    %fork TD_outputs_tb.Check, S_0x556cb5d23150;
    %join;
    %delay 5, 0;
    %pushi/vec4 3, 0, 4;
    %store/vec4 v0x556cb5d8b0a0_0, 0, 4;
    %delay 5, 0;
    %vpi_call 2 101 "$display", "Test #3" {0 0 0};
    %load/vec4 v0x556cb5d8ad60_0;
    %concati/vec4 0, 0, 1;
    %store/vec4 v0x556cb5d23330_0, 0, 2;
    %fork TD_outputs_tb.Check, S_0x556cb5d23150;
    %join;
    %load/vec4 v0x556cb5d8ae30_0;
    %concati/vec4 0, 0, 1;
    %store/vec4 v0x556cb5d23330_0, 0, 2;
    %fork TD_outputs_tb.Check, S_0x556cb5d23150;
    %join;
    %load/vec4 v0x556cb5d8a880_0;
    %concati/vec4 1, 0, 1;
    %store/vec4 v0x556cb5d23330_0, 0, 2;
    %fork TD_outputs_tb.Check, S_0x556cb5d23150;
    %join;
    %load/vec4 v0x556cb5d8a950_0;
    %concati/vec4 1, 0, 1;
    %store/vec4 v0x556cb5d23330_0, 0, 2;
    %fork TD_outputs_tb.Check, S_0x556cb5d23150;
    %join;
    %load/vec4 v0x556cb5d8aa20_0;
    %concati/vec4 0, 0, 1;
    %store/vec4 v0x556cb5d23330_0, 0, 2;
    %fork TD_outputs_tb.Check, S_0x556cb5d23150;
    %join;
    %load/vec4 v0x556cb5d8a7b0_0;
    %concati/vec4 0, 0, 1;
    %store/vec4 v0x556cb5d23330_0, 0, 2;
    %fork TD_outputs_tb.Check, S_0x556cb5d23150;
    %join;
    %load/vec4 v0x556cb5d8aaf0_0;
    %concati/vec4 0, 0, 1;
    %store/vec4 v0x556cb5d23330_0, 0, 2;
    %fork TD_outputs_tb.Check, S_0x556cb5d23150;
    %join;
    %load/vec4 v0x556cb5d8ac90_0;
    %concati/vec4 0, 0, 1;
    %store/vec4 v0x556cb5d23330_0, 0, 2;
    %fork TD_outputs_tb.Check, S_0x556cb5d23150;
    %join;
    %load/vec4 v0x556cb5d8abc0_0;
    %concati/vec4 0, 0, 1;
    %store/vec4 v0x556cb5d23330_0, 0, 2;
    %fork TD_outputs_tb.Check, S_0x556cb5d23150;
    %join;
    %load/vec4 v0x556cb5d8a530_0;
    %concati/vec4 0, 0, 1;
    %store/vec4 v0x556cb5d23330_0, 0, 2;
    %fork TD_outputs_tb.Check, S_0x556cb5d23150;
    %join;
    %load/vec4 v0x556cb5d8a470_0;
    %concati/vec4 0, 0, 1;
    %store/vec4 v0x556cb5d23330_0, 0, 2;
    %fork TD_outputs_tb.Check, S_0x556cb5d23150;
    %join;
    %load/vec4 v0x556cb5d8a710_0;
    %concati/vec4 0, 0, 1;
    %store/vec4 v0x556cb5d23330_0, 0, 2;
    %fork TD_outputs_tb.Check, S_0x556cb5d23150;
    %join;
    %load/vec4 v0x556cb5d8a670_0;
    %concati/vec4 0, 0, 1;
    %store/vec4 v0x556cb5d23330_0, 0, 2;
    %fork TD_outputs_tb.Check, S_0x556cb5d23150;
    %join;
    %load/vec4 v0x556cb5d8a5d0_0;
    %concati/vec4 0, 0, 1;
    %store/vec4 v0x556cb5d23330_0, 0, 2;
    %fork TD_outputs_tb.Check, S_0x556cb5d23150;
    %join;
    %load/vec4 v0x556cb5d8afd0_0;
    %concati/vec4 0, 0, 1;
    %store/vec4 v0x556cb5d23330_0, 0, 2;
    %fork TD_outputs_tb.Check, S_0x556cb5d23150;
    %join;
    %load/vec4 v0x556cb5d8af00_0;
    %concati/vec4 0, 0, 1;
    %store/vec4 v0x556cb5d23330_0, 0, 2;
    %fork TD_outputs_tb.Check, S_0x556cb5d23150;
    %join;
    %delay 5, 0;
    %pushi/vec4 4, 0, 4;
    %store/vec4 v0x556cb5d8b0a0_0, 0, 4;
    %delay 5, 0;
    %vpi_call 2 121 "$display", "Test #4" {0 0 0};
    %load/vec4 v0x556cb5d8ad60_0;
    %concati/vec4 0, 0, 1;
    %store/vec4 v0x556cb5d23330_0, 0, 2;
    %fork TD_outputs_tb.Check, S_0x556cb5d23150;
    %join;
    %load/vec4 v0x556cb5d8ae30_0;
    %concati/vec4 0, 0, 1;
    %store/vec4 v0x556cb5d23330_0, 0, 2;
    %fork TD_outputs_tb.Check, S_0x556cb5d23150;
    %join;
    %load/vec4 v0x556cb5d8a880_0;
    %concati/vec4 0, 0, 1;
    %store/vec4 v0x556cb5d23330_0, 0, 2;
    %fork TD_outputs_tb.Check, S_0x556cb5d23150;
    %join;
    %load/vec4 v0x556cb5d8a950_0;
    %concati/vec4 0, 0, 1;
    %store/vec4 v0x556cb5d23330_0, 0, 2;
    %fork TD_outputs_tb.Check, S_0x556cb5d23150;
    %join;
    %load/vec4 v0x556cb5d8aa20_0;
    %concati/vec4 0, 0, 1;
    %store/vec4 v0x556cb5d23330_0, 0, 2;
    %fork TD_outputs_tb.Check, S_0x556cb5d23150;
    %join;
    %load/vec4 v0x556cb5d8a7b0_0;
    %concati/vec4 0, 0, 1;
    %store/vec4 v0x556cb5d23330_0, 0, 2;
    %fork TD_outputs_tb.Check, S_0x556cb5d23150;
    %join;
    %load/vec4 v0x556cb5d8aaf0_0;
    %concati/vec4 1, 0, 1;
    %store/vec4 v0x556cb5d23330_0, 0, 2;
    %fork TD_outputs_tb.Check, S_0x556cb5d23150;
    %join;
    %load/vec4 v0x556cb5d8ac90_0;
    %concati/vec4 0, 0, 1;
    %store/vec4 v0x556cb5d23330_0, 0, 2;
    %fork TD_outputs_tb.Check, S_0x556cb5d23150;
    %join;
    %load/vec4 v0x556cb5d8abc0_0;
    %concati/vec4 0, 0, 1;
    %store/vec4 v0x556cb5d23330_0, 0, 2;
    %fork TD_outputs_tb.Check, S_0x556cb5d23150;
    %join;
    %load/vec4 v0x556cb5d8a530_0;
    %concati/vec4 0, 0, 1;
    %store/vec4 v0x556cb5d23330_0, 0, 2;
    %fork TD_outputs_tb.Check, S_0x556cb5d23150;
    %join;
    %load/vec4 v0x556cb5d8a470_0;
    %concati/vec4 0, 0, 1;
    %store/vec4 v0x556cb5d23330_0, 0, 2;
    %fork TD_outputs_tb.Check, S_0x556cb5d23150;
    %join;
    %load/vec4 v0x556cb5d8a710_0;
    %concati/vec4 0, 0, 1;
    %store/vec4 v0x556cb5d23330_0, 0, 2;
    %fork TD_outputs_tb.Check, S_0x556cb5d23150;
    %join;
    %load/vec4 v0x556cb5d8a670_0;
    %concati/vec4 0, 0, 1;
    %store/vec4 v0x556cb5d23330_0, 0, 2;
    %fork TD_outputs_tb.Check, S_0x556cb5d23150;
    %join;
    %load/vec4 v0x556cb5d8a5d0_0;
    %concati/vec4 0, 0, 1;
    %store/vec4 v0x556cb5d23330_0, 0, 2;
    %fork TD_outputs_tb.Check, S_0x556cb5d23150;
    %join;
    %load/vec4 v0x556cb5d8afd0_0;
    %concati/vec4 1, 0, 1;
    %store/vec4 v0x556cb5d23330_0, 0, 2;
    %fork TD_outputs_tb.Check, S_0x556cb5d23150;
    %join;
    %load/vec4 v0x556cb5d8af00_0;
    %concati/vec4 0, 0, 1;
    %store/vec4 v0x556cb5d23330_0, 0, 2;
    %fork TD_outputs_tb.Check, S_0x556cb5d23150;
    %join;
    %delay 5, 0;
    %pushi/vec4 5, 0, 4;
    %store/vec4 v0x556cb5d8b0a0_0, 0, 4;
    %delay 5, 0;
    %vpi_call 2 141 "$display", "Test #5" {0 0 0};
    %load/vec4 v0x556cb5d8ad60_0;
    %concati/vec4 0, 0, 1;
    %store/vec4 v0x556cb5d23330_0, 0, 2;
    %fork TD_outputs_tb.Check, S_0x556cb5d23150;
    %join;
    %load/vec4 v0x556cb5d8ae30_0;
    %concati/vec4 0, 0, 1;
    %store/vec4 v0x556cb5d23330_0, 0, 2;
    %fork TD_outputs_tb.Check, S_0x556cb5d23150;
    %join;
    %load/vec4 v0x556cb5d8a880_0;
    %concati/vec4 1, 0, 1;
    %store/vec4 v0x556cb5d23330_0, 0, 2;
    %fork TD_outputs_tb.Check, S_0x556cb5d23150;
    %join;
    %load/vec4 v0x556cb5d8a950_0;
    %concati/vec4 0, 0, 1;
    %store/vec4 v0x556cb5d23330_0, 0, 2;
    %fork TD_outputs_tb.Check, S_0x556cb5d23150;
    %join;
    %load/vec4 v0x556cb5d8aa20_0;
    %concati/vec4 1, 0, 1;
    %store/vec4 v0x556cb5d23330_0, 0, 2;
    %fork TD_outputs_tb.Check, S_0x556cb5d23150;
    %join;
    %load/vec4 v0x556cb5d8a7b0_0;
    %concati/vec4 0, 0, 1;
    %store/vec4 v0x556cb5d23330_0, 0, 2;
    %fork TD_outputs_tb.Check, S_0x556cb5d23150;
    %join;
    %load/vec4 v0x556cb5d8aaf0_0;
    %concati/vec4 0, 0, 1;
    %store/vec4 v0x556cb5d23330_0, 0, 2;
    %fork TD_outputs_tb.Check, S_0x556cb5d23150;
    %join;
    %load/vec4 v0x556cb5d8ac90_0;
    %concati/vec4 0, 0, 1;
    %store/vec4 v0x556cb5d23330_0, 0, 2;
    %fork TD_outputs_tb.Check, S_0x556cb5d23150;
    %join;
    %load/vec4 v0x556cb5d8abc0_0;
    %concati/vec4 0, 0, 1;
    %store/vec4 v0x556cb5d23330_0, 0, 2;
    %fork TD_outputs_tb.Check, S_0x556cb5d23150;
    %join;
    %load/vec4 v0x556cb5d8a530_0;
    %concati/vec4 0, 0, 1;
    %store/vec4 v0x556cb5d23330_0, 0, 2;
    %fork TD_outputs_tb.Check, S_0x556cb5d23150;
    %join;
    %load/vec4 v0x556cb5d8a470_0;
    %concati/vec4 0, 0, 1;
    %store/vec4 v0x556cb5d23330_0, 0, 2;
    %fork TD_outputs_tb.Check, S_0x556cb5d23150;
    %join;
    %load/vec4 v0x556cb5d8a710_0;
    %concati/vec4 0, 0, 1;
    %store/vec4 v0x556cb5d23330_0, 0, 2;
    %fork TD_outputs_tb.Check, S_0x556cb5d23150;
    %join;
    %load/vec4 v0x556cb5d8a670_0;
    %concati/vec4 0, 0, 1;
    %store/vec4 v0x556cb5d23330_0, 0, 2;
    %fork TD_outputs_tb.Check, S_0x556cb5d23150;
    %join;
    %load/vec4 v0x556cb5d8a5d0_0;
    %concati/vec4 0, 0, 1;
    %store/vec4 v0x556cb5d23330_0, 0, 2;
    %fork TD_outputs_tb.Check, S_0x556cb5d23150;
    %join;
    %load/vec4 v0x556cb5d8afd0_0;
    %concati/vec4 0, 0, 1;
    %store/vec4 v0x556cb5d23330_0, 0, 2;
    %fork TD_outputs_tb.Check, S_0x556cb5d23150;
    %join;
    %load/vec4 v0x556cb5d8af00_0;
    %concati/vec4 0, 0, 1;
    %store/vec4 v0x556cb5d23330_0, 0, 2;
    %fork TD_outputs_tb.Check, S_0x556cb5d23150;
    %join;
    %delay 5, 0;
    %pushi/vec4 6, 0, 4;
    %store/vec4 v0x556cb5d8b0a0_0, 0, 4;
    %delay 5, 0;
    %vpi_call 2 161 "$display", "Test #6" {0 0 0};
    %load/vec4 v0x556cb5d8ad60_0;
    %concati/vec4 0, 0, 1;
    %store/vec4 v0x556cb5d23330_0, 0, 2;
    %fork TD_outputs_tb.Check, S_0x556cb5d23150;
    %join;
    %load/vec4 v0x556cb5d8ae30_0;
    %concati/vec4 0, 0, 1;
    %store/vec4 v0x556cb5d23330_0, 0, 2;
    %fork TD_outputs_tb.Check, S_0x556cb5d23150;
    %join;
    %load/vec4 v0x556cb5d8a880_0;
    %concati/vec4 0, 0, 1;
    %store/vec4 v0x556cb5d23330_0, 0, 2;
    %fork TD_outputs_tb.Check, S_0x556cb5d23150;
    %join;
    %load/vec4 v0x556cb5d8a950_0;
    %concati/vec4 0, 0, 1;
    %store/vec4 v0x556cb5d23330_0, 0, 2;
    %fork TD_outputs_tb.Check, S_0x556cb5d23150;
    %join;
    %load/vec4 v0x556cb5d8aa20_0;
    %concati/vec4 0, 0, 1;
    %store/vec4 v0x556cb5d23330_0, 0, 2;
    %fork TD_outputs_tb.Check, S_0x556cb5d23150;
    %join;
    %load/vec4 v0x556cb5d8a7b0_0;
    %concati/vec4 0, 0, 1;
    %store/vec4 v0x556cb5d23330_0, 0, 2;
    %fork TD_outputs_tb.Check, S_0x556cb5d23150;
    %join;
    %load/vec4 v0x556cb5d8aaf0_0;
    %concati/vec4 0, 0, 1;
    %store/vec4 v0x556cb5d23330_0, 0, 2;
    %fork TD_outputs_tb.Check, S_0x556cb5d23150;
    %join;
    %load/vec4 v0x556cb5d8ac90_0;
    %concati/vec4 0, 0, 1;
    %store/vec4 v0x556cb5d23330_0, 0, 2;
    %fork TD_outputs_tb.Check, S_0x556cb5d23150;
    %join;
    %load/vec4 v0x556cb5d8abc0_0;
    %concati/vec4 0, 0, 1;
    %store/vec4 v0x556cb5d23330_0, 0, 2;
    %fork TD_outputs_tb.Check, S_0x556cb5d23150;
    %join;
    %load/vec4 v0x556cb5d8a530_0;
    %concati/vec4 1, 0, 1;
    %store/vec4 v0x556cb5d23330_0, 0, 2;
    %fork TD_outputs_tb.Check, S_0x556cb5d23150;
    %join;
    %load/vec4 v0x556cb5d8a470_0;
    %concati/vec4 0, 0, 1;
    %store/vec4 v0x556cb5d23330_0, 0, 2;
    %fork TD_outputs_tb.Check, S_0x556cb5d23150;
    %join;
    %load/vec4 v0x556cb5d8a710_0;
    %concati/vec4 0, 0, 1;
    %store/vec4 v0x556cb5d23330_0, 0, 2;
    %fork TD_outputs_tb.Check, S_0x556cb5d23150;
    %join;
    %load/vec4 v0x556cb5d8a670_0;
    %concati/vec4 0, 0, 1;
    %store/vec4 v0x556cb5d23330_0, 0, 2;
    %fork TD_outputs_tb.Check, S_0x556cb5d23150;
    %join;
    %load/vec4 v0x556cb5d8a5d0_0;
    %concati/vec4 1, 0, 1;
    %store/vec4 v0x556cb5d23330_0, 0, 2;
    %fork TD_outputs_tb.Check, S_0x556cb5d23150;
    %join;
    %load/vec4 v0x556cb5d8afd0_0;
    %concati/vec4 0, 0, 1;
    %store/vec4 v0x556cb5d23330_0, 0, 2;
    %fork TD_outputs_tb.Check, S_0x556cb5d23150;
    %join;
    %load/vec4 v0x556cb5d8af00_0;
    %concati/vec4 0, 0, 1;
    %store/vec4 v0x556cb5d23330_0, 0, 2;
    %fork TD_outputs_tb.Check, S_0x556cb5d23150;
    %join;
    %delay 5, 0;
    %pushi/vec4 7, 0, 4;
    %store/vec4 v0x556cb5d8b0a0_0, 0, 4;
    %delay 5, 0;
    %vpi_call 2 181 "$display", "Test #7" {0 0 0};
    %load/vec4 v0x556cb5d8ad60_0;
    %concati/vec4 0, 0, 1;
    %store/vec4 v0x556cb5d23330_0, 0, 2;
    %fork TD_outputs_tb.Check, S_0x556cb5d23150;
    %join;
    %load/vec4 v0x556cb5d8ae30_0;
    %concati/vec4 0, 0, 1;
    %store/vec4 v0x556cb5d23330_0, 0, 2;
    %fork TD_outputs_tb.Check, S_0x556cb5d23150;
    %join;
    %load/vec4 v0x556cb5d8a880_0;
    %concati/vec4 0, 0, 1;
    %store/vec4 v0x556cb5d23330_0, 0, 2;
    %fork TD_outputs_tb.Check, S_0x556cb5d23150;
    %join;
    %load/vec4 v0x556cb5d8a950_0;
    %concati/vec4 0, 0, 1;
    %store/vec4 v0x556cb5d23330_0, 0, 2;
    %fork TD_outputs_tb.Check, S_0x556cb5d23150;
    %join;
    %load/vec4 v0x556cb5d8aa20_0;
    %concati/vec4 0, 0, 1;
    %store/vec4 v0x556cb5d23330_0, 0, 2;
    %fork TD_outputs_tb.Check, S_0x556cb5d23150;
    %join;
    %load/vec4 v0x556cb5d8a7b0_0;
    %concati/vec4 0, 0, 1;
    %store/vec4 v0x556cb5d23330_0, 0, 2;
    %fork TD_outputs_tb.Check, S_0x556cb5d23150;
    %join;
    %load/vec4 v0x556cb5d8aaf0_0;
    %concati/vec4 0, 0, 1;
    %store/vec4 v0x556cb5d23330_0, 0, 2;
    %fork TD_outputs_tb.Check, S_0x556cb5d23150;
    %join;
    %load/vec4 v0x556cb5d8ac90_0;
    %concati/vec4 0, 0, 1;
    %store/vec4 v0x556cb5d23330_0, 0, 2;
    %fork TD_outputs_tb.Check, S_0x556cb5d23150;
    %join;
    %load/vec4 v0x556cb5d8abc0_0;
    %concati/vec4 0, 0, 1;
    %store/vec4 v0x556cb5d23330_0, 0, 2;
    %fork TD_outputs_tb.Check, S_0x556cb5d23150;
    %join;
    %load/vec4 v0x556cb5d8a530_0;
    %concati/vec4 0, 0, 1;
    %store/vec4 v0x556cb5d23330_0, 0, 2;
    %fork TD_outputs_tb.Check, S_0x556cb5d23150;
    %join;
    %load/vec4 v0x556cb5d8a470_0;
    %concati/vec4 0, 0, 1;
    %store/vec4 v0x556cb5d23330_0, 0, 2;
    %fork TD_outputs_tb.Check, S_0x556cb5d23150;
    %join;
    %load/vec4 v0x556cb5d8a710_0;
    %concati/vec4 0, 0, 1;
    %store/vec4 v0x556cb5d23330_0, 0, 2;
    %fork TD_outputs_tb.Check, S_0x556cb5d23150;
    %join;
    %load/vec4 v0x556cb5d8a670_0;
    %concati/vec4 0, 0, 1;
    %store/vec4 v0x556cb5d23330_0, 0, 2;
    %fork TD_outputs_tb.Check, S_0x556cb5d23150;
    %join;
    %load/vec4 v0x556cb5d8a5d0_0;
    %concati/vec4 0, 0, 1;
    %store/vec4 v0x556cb5d23330_0, 0, 2;
    %fork TD_outputs_tb.Check, S_0x556cb5d23150;
    %join;
    %load/vec4 v0x556cb5d8afd0_0;
    %concati/vec4 1, 0, 1;
    %store/vec4 v0x556cb5d23330_0, 0, 2;
    %fork TD_outputs_tb.Check, S_0x556cb5d23150;
    %join;
    %load/vec4 v0x556cb5d8af00_0;
    %concati/vec4 1, 0, 1;
    %store/vec4 v0x556cb5d23330_0, 0, 2;
    %fork TD_outputs_tb.Check, S_0x556cb5d23150;
    %join;
    %delay 5, 0;
    %pushi/vec4 8, 0, 4;
    %store/vec4 v0x556cb5d8b0a0_0, 0, 4;
    %delay 5, 0;
    %vpi_call 2 201 "$display", "Test #8" {0 0 0};
    %load/vec4 v0x556cb5d8ad60_0;
    %concati/vec4 0, 0, 1;
    %store/vec4 v0x556cb5d23330_0, 0, 2;
    %fork TD_outputs_tb.Check, S_0x556cb5d23150;
    %join;
    %load/vec4 v0x556cb5d8ae30_0;
    %concati/vec4 1, 0, 1;
    %store/vec4 v0x556cb5d23330_0, 0, 2;
    %fork TD_outputs_tb.Check, S_0x556cb5d23150;
    %join;
    %load/vec4 v0x556cb5d8a880_0;
    %concati/vec4 0, 0, 1;
    %store/vec4 v0x556cb5d23330_0, 0, 2;
    %fork TD_outputs_tb.Check, S_0x556cb5d23150;
    %join;
    %load/vec4 v0x556cb5d8a950_0;
    %concati/vec4 0, 0, 1;
    %store/vec4 v0x556cb5d23330_0, 0, 2;
    %fork TD_outputs_tb.Check, S_0x556cb5d23150;
    %join;
    %load/vec4 v0x556cb5d8aa20_0;
    %concati/vec4 0, 0, 1;
    %store/vec4 v0x556cb5d23330_0, 0, 2;
    %fork TD_outputs_tb.Check, S_0x556cb5d23150;
    %join;
    %load/vec4 v0x556cb5d8a7b0_0;
    %concati/vec4 0, 0, 1;
    %store/vec4 v0x556cb5d23330_0, 0, 2;
    %fork TD_outputs_tb.Check, S_0x556cb5d23150;
    %join;
    %load/vec4 v0x556cb5d8aaf0_0;
    %concati/vec4 0, 0, 1;
    %store/vec4 v0x556cb5d23330_0, 0, 2;
    %fork TD_outputs_tb.Check, S_0x556cb5d23150;
    %join;
    %load/vec4 v0x556cb5d8ac90_0;
    %concati/vec4 0, 0, 1;
    %store/vec4 v0x556cb5d23330_0, 0, 2;
    %fork TD_outputs_tb.Check, S_0x556cb5d23150;
    %join;
    %load/vec4 v0x556cb5d8abc0_0;
    %concati/vec4 1, 0, 1;
    %store/vec4 v0x556cb5d23330_0, 0, 2;
    %fork TD_outputs_tb.Check, S_0x556cb5d23150;
    %join;
    %load/vec4 v0x556cb5d8a530_0;
    %concati/vec4 0, 0, 1;
    %store/vec4 v0x556cb5d23330_0, 0, 2;
    %fork TD_outputs_tb.Check, S_0x556cb5d23150;
    %join;
    %load/vec4 v0x556cb5d8a470_0;
    %concati/vec4 1, 0, 1;
    %store/vec4 v0x556cb5d23330_0, 0, 2;
    %fork TD_outputs_tb.Check, S_0x556cb5d23150;
    %join;
    %load/vec4 v0x556cb5d8a710_0;
    %concati/vec4 0, 0, 1;
    %store/vec4 v0x556cb5d23330_0, 0, 2;
    %fork TD_outputs_tb.Check, S_0x556cb5d23150;
    %join;
    %load/vec4 v0x556cb5d8a670_0;
    %concati/vec4 0, 0, 1;
    %store/vec4 v0x556cb5d23330_0, 0, 2;
    %fork TD_outputs_tb.Check, S_0x556cb5d23150;
    %join;
    %load/vec4 v0x556cb5d8a5d0_0;
    %concati/vec4 1, 0, 1;
    %store/vec4 v0x556cb5d23330_0, 0, 2;
    %fork TD_outputs_tb.Check, S_0x556cb5d23150;
    %join;
    %load/vec4 v0x556cb5d8afd0_0;
    %concati/vec4 0, 0, 1;
    %store/vec4 v0x556cb5d23330_0, 0, 2;
    %fork TD_outputs_tb.Check, S_0x556cb5d23150;
    %join;
    %load/vec4 v0x556cb5d8af00_0;
    %concati/vec4 0, 0, 1;
    %store/vec4 v0x556cb5d23330_0, 0, 2;
    %fork TD_outputs_tb.Check, S_0x556cb5d23150;
    %join;
    %delay 5, 0;
    %pushi/vec4 9, 0, 4;
    %store/vec4 v0x556cb5d8b0a0_0, 0, 4;
    %delay 5, 0;
    %vpi_call 2 221 "$display", "Test #9" {0 0 0};
    %load/vec4 v0x556cb5d8ad60_0;
    %concati/vec4 1, 0, 1;
    %store/vec4 v0x556cb5d23330_0, 0, 2;
    %fork TD_outputs_tb.Check, S_0x556cb5d23150;
    %join;
    %load/vec4 v0x556cb5d8ae30_0;
    %concati/vec4 0, 0, 1;
    %store/vec4 v0x556cb5d23330_0, 0, 2;
    %fork TD_outputs_tb.Check, S_0x556cb5d23150;
    %join;
    %load/vec4 v0x556cb5d8a880_0;
    %concati/vec4 0, 0, 1;
    %store/vec4 v0x556cb5d23330_0, 0, 2;
    %fork TD_outputs_tb.Check, S_0x556cb5d23150;
    %join;
    %load/vec4 v0x556cb5d8a950_0;
    %concati/vec4 0, 0, 1;
    %store/vec4 v0x556cb5d23330_0, 0, 2;
    %fork TD_outputs_tb.Check, S_0x556cb5d23150;
    %join;
    %load/vec4 v0x556cb5d8aa20_0;
    %concati/vec4 0, 0, 1;
    %store/vec4 v0x556cb5d23330_0, 0, 2;
    %fork TD_outputs_tb.Check, S_0x556cb5d23150;
    %join;
    %load/vec4 v0x556cb5d8a7b0_0;
    %concati/vec4 0, 0, 1;
    %store/vec4 v0x556cb5d23330_0, 0, 2;
    %fork TD_outputs_tb.Check, S_0x556cb5d23150;
    %join;
    %load/vec4 v0x556cb5d8aaf0_0;
    %concati/vec4 0, 0, 1;
    %store/vec4 v0x556cb5d23330_0, 0, 2;
    %fork TD_outputs_tb.Check, S_0x556cb5d23150;
    %join;
    %load/vec4 v0x556cb5d8ac90_0;
    %concati/vec4 1, 0, 1;
    %store/vec4 v0x556cb5d23330_0, 0, 2;
    %fork TD_outputs_tb.Check, S_0x556cb5d23150;
    %join;
    %load/vec4 v0x556cb5d8abc0_0;
    %concati/vec4 0, 0, 1;
    %store/vec4 v0x556cb5d23330_0, 0, 2;
    %fork TD_outputs_tb.Check, S_0x556cb5d23150;
    %join;
    %load/vec4 v0x556cb5d8a530_0;
    %concati/vec4 0, 0, 1;
    %store/vec4 v0x556cb5d23330_0, 0, 2;
    %fork TD_outputs_tb.Check, S_0x556cb5d23150;
    %join;
    %load/vec4 v0x556cb5d8a470_0;
    %concati/vec4 0, 0, 1;
    %store/vec4 v0x556cb5d23330_0, 0, 2;
    %fork TD_outputs_tb.Check, S_0x556cb5d23150;
    %join;
    %load/vec4 v0x556cb5d8a710_0;
    %concati/vec4 0, 0, 1;
    %store/vec4 v0x556cb5d23330_0, 0, 2;
    %fork TD_outputs_tb.Check, S_0x556cb5d23150;
    %join;
    %load/vec4 v0x556cb5d8a670_0;
    %concati/vec4 0, 0, 1;
    %store/vec4 v0x556cb5d23330_0, 0, 2;
    %fork TD_outputs_tb.Check, S_0x556cb5d23150;
    %join;
    %load/vec4 v0x556cb5d8a5d0_0;
    %concati/vec4 0, 0, 1;
    %store/vec4 v0x556cb5d23330_0, 0, 2;
    %fork TD_outputs_tb.Check, S_0x556cb5d23150;
    %join;
    %load/vec4 v0x556cb5d8afd0_0;
    %concati/vec4 0, 0, 1;
    %store/vec4 v0x556cb5d23330_0, 0, 2;
    %fork TD_outputs_tb.Check, S_0x556cb5d23150;
    %join;
    %load/vec4 v0x556cb5d8af00_0;
    %concati/vec4 0, 0, 1;
    %store/vec4 v0x556cb5d23330_0, 0, 2;
    %fork TD_outputs_tb.Check, S_0x556cb5d23150;
    %join;
    %end;
    .thread T_1;
# The file index is used to find the file name in the following table.
:file_names 4;
    "N/A";
    "<interactive>";
    "outputs_tb.v";
    "outputs.v";
